#! /usr/bin/vvp
:ivl_version "0.9.5 " "(v0_9_5)";
:vpi_time_precision + 0;
:vpi_module "system";
:vpi_module "v2005_math";
:vpi_module "va_math";
S_0x23ac2f0 .scope module, "memory" "memory" 2 8;
 .timescale 0 0;
v0x23cdef0_0 .net "adrs", 5 0, C4<zzzzzz>; 0 drivers
v0x23f34f0_0 .net "clk", 0 0, C4<z>; 0 drivers
v0x23f3590_0 .net "data", 7 0, C4<zzzzzzzz>; 0 drivers
v0x23f3630_0 .net "mode", 0 0, C4<z>; 0 drivers
v0x23f36e0_0 .var "out", 7 0;
v0x23f3780_0 .net "sel1", 3 0, L_0x23f4460; 1 drivers
v0x23f3860_0 .net "sel2", 1 0, L_0x23f4680; 1 drivers
v0x23f3900_0 .var "temp", 31 0;
v0x23f39f0_0 .var "w1", 31 0;
v0x23f3a90_0 .var "w10", 31 0;
v0x23f3b90_0 .var "w11", 31 0;
v0x23f3c30_0 .var "w12", 31 0;
v0x23f3d40_0 .var "w13", 31 0;
v0x23f3de0_0 .var "w14", 31 0;
v0x23f3f00_0 .var "w15", 31 0;
v0x23f3fa0_0 .var "w16", 31 0;
v0x23f3e60_0 .var "w2", 31 0;
v0x23f40f0_0 .var "w3", 31 0;
v0x23f4210_0 .var "w4", 31 0;
v0x23f4290_0 .var "w5", 31 0;
v0x23f4170_0 .var "w6", 31 0;
v0x23f43c0_0 .var "w7", 31 0;
v0x23f4310_0 .var "w8", 31 0;
v0x23f4500_0 .var "w9", 31 0;
E_0x23ac0e0 .event posedge, v0x23f34f0_0;
L_0x23f4460 .part C4<zzzzzz>, 2, 4;
L_0x23f4680 .part C4<zzzzzz>, 0, 2;
    .scope S_0x23ac2f0;
T_0 ;
    %wait E_0x23ac0e0;
    %load/v 8, v0x23f3630_0, 1;
    %cmpi/u 8, 0, 1;
    %jmp/1 T_0.0, 6;
    %cmpi/u 8, 1, 1;
    %jmp/1 T_0.1, 6;
    %jmp T_0.2;
T_0.0 ;
    %load/v 8, v0x23f3780_0, 4;
    %cmpi/u 8, 0, 4;
    %jmp/1 T_0.3, 6;
    %cmpi/u 8, 1, 4;
    %jmp/1 T_0.4, 6;
    %cmpi/u 8, 2, 4;
    %jmp/1 T_0.5, 6;
    %cmpi/u 8, 3, 4;
    %jmp/1 T_0.6, 6;
    %cmpi/u 8, 4, 4;
    %jmp/1 T_0.7, 6;
    %cmpi/u 8, 5, 4;
    %jmp/1 T_0.8, 6;
    %cmpi/u 8, 6, 4;
    %jmp/1 T_0.9, 6;
    %cmpi/u 8, 7, 4;
    %jmp/1 T_0.10, 6;
    %cmpi/u 8, 8, 4;
    %jmp/1 T_0.11, 6;
    %cmpi/u 8, 9, 4;
    %jmp/1 T_0.12, 6;
    %cmpi/u 8, 10, 4;
    %jmp/1 T_0.13, 6;
    %cmpi/u 8, 11, 4;
    %jmp/1 T_0.14, 6;
    %cmpi/u 8, 12, 4;
    %jmp/1 T_0.15, 6;
    %cmpi/u 8, 13, 4;
    %jmp/1 T_0.16, 6;
    %cmpi/u 8, 14, 4;
    %jmp/1 T_0.17, 6;
    %cmpi/u 8, 15, 4;
    %jmp/1 T_0.18, 6;
    %jmp T_0.19;
T_0.3 ;
    %load/v 8, v0x23f39f0_0, 32;
    %ix/load 0, 32, 0;
    %assign/v0 v0x23f3900_0, 0, 8;
    %jmp T_0.19;
T_0.4 ;
    %load/v 8, v0x23f3e60_0, 32;
    %ix/load 0, 32, 0;
    %assign/v0 v0x23f3900_0, 0, 8;
    %jmp T_0.19;
T_0.5 ;
    %load/v 8, v0x23f40f0_0, 32;
    %ix/load 0, 32, 0;
    %assign/v0 v0x23f3900_0, 0, 8;
    %jmp T_0.19;
T_0.6 ;
    %load/v 8, v0x23f4210_0, 32;
    %ix/load 0, 32, 0;
    %assign/v0 v0x23f3900_0, 0, 8;
    %jmp T_0.19;
T_0.7 ;
    %load/v 8, v0x23f4290_0, 32;
    %ix/load 0, 32, 0;
    %assign/v0 v0x23f3900_0, 0, 8;
    %jmp T_0.19;
T_0.8 ;
    %load/v 8, v0x23f4170_0, 32;
    %ix/load 0, 32, 0;
    %assign/v0 v0x23f3900_0, 0, 8;
    %jmp T_0.19;
T_0.9 ;
    %load/v 8, v0x23f43c0_0, 32;
    %ix/load 0, 32, 0;
    %assign/v0 v0x23f3900_0, 0, 8;
    %jmp T_0.19;
T_0.10 ;
    %load/v 8, v0x23f4310_0, 32;
    %ix/load 0, 32, 0;
    %assign/v0 v0x23f3900_0, 0, 8;
    %jmp T_0.19;
T_0.11 ;
    %load/v 8, v0x23f4500_0, 32;
    %ix/load 0, 32, 0;
    %assign/v0 v0x23f3900_0, 0, 8;
    %jmp T_0.19;
T_0.12 ;
    %load/v 8, v0x23f3a90_0, 32;
    %ix/load 0, 32, 0;
    %assign/v0 v0x23f3900_0, 0, 8;
    %jmp T_0.19;
T_0.13 ;
    %load/v 8, v0x23f3b90_0, 32;
    %ix/load 0, 32, 0;
    %assign/v0 v0x23f3900_0, 0, 8;
    %jmp T_0.19;
T_0.14 ;
    %load/v 8, v0x23f3c30_0, 32;
    %ix/load 0, 32, 0;
    %assign/v0 v0x23f3900_0, 0, 8;
    %jmp T_0.19;
T_0.15 ;
    %load/v 8, v0x23f3d40_0, 32;
    %ix/load 0, 32, 0;
    %assign/v0 v0x23f3900_0, 0, 8;
    %jmp T_0.19;
T_0.16 ;
    %load/v 8, v0x23f3de0_0, 32;
    %ix/load 0, 32, 0;
    %assign/v0 v0x23f3900_0, 0, 8;
    %jmp T_0.19;
T_0.17 ;
    %load/v 8, v0x23f3f00_0, 32;
    %ix/load 0, 32, 0;
    %assign/v0 v0x23f3900_0, 0, 8;
    %jmp T_0.19;
T_0.18 ;
    %load/v 8, v0x23f3fa0_0, 32;
    %ix/load 0, 32, 0;
    %assign/v0 v0x23f3900_0, 0, 8;
    %jmp T_0.19;
T_0.19 ;
    %load/v 8, v0x23f3860_0, 2;
    %cmpi/u 8, 0, 2;
    %jmp/1 T_0.20, 6;
    %cmpi/u 8, 1, 2;
    %jmp/1 T_0.21, 6;
    %cmpi/u 8, 2, 2;
    %jmp/1 T_0.22, 6;
    %cmpi/u 8, 3, 2;
    %jmp/1 T_0.23, 6;
    %jmp T_0.24;
T_0.20 ;
    %load/v 8, v0x23f3900_0, 8; Only need 8 of 32 bits
; Save base=8 wid=8 in lookaside.
    %ix/load 0, 8, 0;
    %assign/v0 v0x23f36e0_0, 0, 8;
    %jmp T_0.24;
T_0.21 ;
    %ix/load 1, 8, 0;
    %mov 4, 0, 1;
    %jmp/1 T_0.25, 4;
    %load/x1p 8, v0x23f3900_0, 8;
    %jmp T_0.26;
T_0.25 ;
    %mov 8, 2, 8;
T_0.26 ;
; Save base=8 wid=8 in lookaside.
    %ix/load 0, 8, 0;
    %assign/v0 v0x23f36e0_0, 0, 8;
    %jmp T_0.24;
T_0.22 ;
    %ix/load 1, 16, 0;
    %mov 4, 0, 1;
    %jmp/1 T_0.27, 4;
    %load/x1p 8, v0x23f3900_0, 8;
    %jmp T_0.28;
T_0.27 ;
    %mov 8, 2, 8;
T_0.28 ;
; Save base=8 wid=8 in lookaside.
    %ix/load 0, 8, 0;
    %assign/v0 v0x23f36e0_0, 0, 8;
    %jmp T_0.24;
T_0.23 ;
    %ix/load 1, 24, 0;
    %mov 4, 0, 1;
    %jmp/1 T_0.29, 4;
    %load/x1p 8, v0x23f3900_0, 8;
    %jmp T_0.30;
T_0.29 ;
    %mov 8, 2, 8;
T_0.30 ;
; Save base=8 wid=8 in lookaside.
    %ix/load 0, 8, 0;
    %assign/v0 v0x23f36e0_0, 0, 8;
    %jmp T_0.24;
T_0.24 ;
    %jmp T_0.2;
T_0.1 ;
    %load/v 8, v0x23f3780_0, 4;
    %cmpi/u 8, 0, 4;
    %jmp/1 T_0.31, 6;
    %cmpi/u 8, 1, 4;
    %jmp/1 T_0.32, 6;
    %cmpi/u 8, 2, 4;
    %jmp/1 T_0.33, 6;
    %cmpi/u 8, 3, 4;
    %jmp/1 T_0.34, 6;
    %cmpi/u 8, 4, 4;
    %jmp/1 T_0.35, 6;
    %cmpi/u 8, 5, 4;
    %jmp/1 T_0.36, 6;
    %cmpi/u 8, 6, 4;
    %jmp/1 T_0.37, 6;
    %cmpi/u 8, 7, 4;
    %jmp/1 T_0.38, 6;
    %cmpi/u 8, 8, 4;
    %jmp/1 T_0.39, 6;
    %cmpi/u 8, 9, 4;
    %jmp/1 T_0.40, 6;
    %cmpi/u 8, 10, 4;
    %jmp/1 T_0.41, 6;
    %cmpi/u 8, 11, 4;
    %jmp/1 T_0.42, 6;
    %cmpi/u 8, 12, 4;
    %jmp/1 T_0.43, 6;
    %cmpi/u 8, 13, 4;
    %jmp/1 T_0.44, 6;
    %cmpi/u 8, 14, 4;
    %jmp/1 T_0.45, 6;
    %cmpi/u 8, 15, 4;
    %jmp/1 T_0.46, 6;
    %jmp T_0.47;
T_0.31 ;
    %load/v 8, v0x23f39f0_0, 32;
    %ix/load 0, 32, 0;
    %assign/v0 v0x23f3900_0, 0, 8;
    %jmp T_0.47;
T_0.32 ;
    %load/v 8, v0x23f3e60_0, 32;
    %ix/load 0, 32, 0;
    %assign/v0 v0x23f3900_0, 0, 8;
    %jmp T_0.47;
T_0.33 ;
    %load/v 8, v0x23f40f0_0, 32;
    %ix/load 0, 32, 0;
    %assign/v0 v0x23f3900_0, 0, 8;
    %jmp T_0.47;
T_0.34 ;
    %load/v 8, v0x23f4210_0, 32;
    %ix/load 0, 32, 0;
    %assign/v0 v0x23f3900_0, 0, 8;
    %jmp T_0.47;
T_0.35 ;
    %load/v 8, v0x23f4290_0, 32;
    %ix/load 0, 32, 0;
    %assign/v0 v0x23f3900_0, 0, 8;
    %jmp T_0.47;
T_0.36 ;
    %load/v 8, v0x23f4170_0, 32;
    %ix/load 0, 32, 0;
    %assign/v0 v0x23f3900_0, 0, 8;
    %jmp T_0.47;
T_0.37 ;
    %load/v 8, v0x23f43c0_0, 32;
    %ix/load 0, 32, 0;
    %assign/v0 v0x23f3900_0, 0, 8;
    %jmp T_0.47;
T_0.38 ;
    %load/v 8, v0x23f4310_0, 32;
    %ix/load 0, 32, 0;
    %assign/v0 v0x23f3900_0, 0, 8;
    %jmp T_0.47;
T_0.39 ;
    %load/v 8, v0x23f4500_0, 32;
    %ix/load 0, 32, 0;
    %assign/v0 v0x23f3900_0, 0, 8;
    %jmp T_0.47;
T_0.40 ;
    %load/v 8, v0x23f3a90_0, 32;
    %ix/load 0, 32, 0;
    %assign/v0 v0x23f3900_0, 0, 8;
    %jmp T_0.47;
T_0.41 ;
    %load/v 8, v0x23f3b90_0, 32;
    %ix/load 0, 32, 0;
    %assign/v0 v0x23f3900_0, 0, 8;
    %jmp T_0.47;
T_0.42 ;
    %load/v 8, v0x23f3c30_0, 32;
    %ix/load 0, 32, 0;
    %assign/v0 v0x23f3900_0, 0, 8;
    %jmp T_0.47;
T_0.43 ;
    %load/v 8, v0x23f3d40_0, 32;
    %ix/load 0, 32, 0;
    %assign/v0 v0x23f3900_0, 0, 8;
    %jmp T_0.47;
T_0.44 ;
    %load/v 8, v0x23f3de0_0, 32;
    %ix/load 0, 32, 0;
    %assign/v0 v0x23f3900_0, 0, 8;
    %jmp T_0.47;
T_0.45 ;
    %load/v 8, v0x23f3f00_0, 32;
    %ix/load 0, 32, 0;
    %assign/v0 v0x23f3900_0, 0, 8;
    %jmp T_0.47;
T_0.46 ;
    %load/v 8, v0x23f3fa0_0, 32;
    %ix/load 0, 32, 0;
    %assign/v0 v0x23f3900_0, 0, 8;
    %jmp T_0.47;
T_0.47 ;
    %load/v 8, v0x23f3860_0, 2;
    %cmpi/u 8, 0, 2;
    %jmp/1 T_0.48, 6;
    %cmpi/u 8, 1, 2;
    %jmp/1 T_0.49, 6;
    %cmpi/u 8, 2, 2;
    %jmp/1 T_0.50, 6;
    %cmpi/u 8, 3, 2;
    %jmp/1 T_0.51, 6;
    %jmp T_0.52;
T_0.48 ;
    %load/v 8, v0x23f3590_0, 8;
    %ix/load 0, 8, 0;
    %ix/load 1, 0, 0;
    %assign/v0/x1 v0x23f3900_0, 0, 8;
    %jmp T_0.52;
T_0.49 ;
    %load/v 8, v0x23f3590_0, 8;
    %ix/load 0, 8, 0;
    %ix/load 1, 8, 0;
    %assign/v0/x1 v0x23f3900_0, 0, 8;
    %jmp T_0.52;
T_0.50 ;
    %load/v 8, v0x23f3590_0, 8;
    %ix/load 0, 8, 0;
    %ix/load 1, 16, 0;
    %assign/v0/x1 v0x23f3900_0, 0, 8;
    %jmp T_0.52;
T_0.51 ;
    %load/v 8, v0x23f3590_0, 8;
    %ix/load 0, 8, 0;
    %ix/load 1, 24, 0;
    %assign/v0/x1 v0x23f3900_0, 0, 8;
    %jmp T_0.52;
T_0.52 ;
    %load/v 8, v0x23f3780_0, 4;
    %cmpi/u 8, 0, 4;
    %jmp/1 T_0.53, 6;
    %cmpi/u 8, 1, 4;
    %jmp/1 T_0.54, 6;
    %cmpi/u 8, 2, 4;
    %jmp/1 T_0.55, 6;
    %cmpi/u 8, 3, 4;
    %jmp/1 T_0.56, 6;
    %cmpi/u 8, 4, 4;
    %jmp/1 T_0.57, 6;
    %cmpi/u 8, 5, 4;
    %jmp/1 T_0.58, 6;
    %cmpi/u 8, 6, 4;
    %jmp/1 T_0.59, 6;
    %cmpi/u 8, 7, 4;
    %jmp/1 T_0.60, 6;
    %cmpi/u 8, 8, 4;
    %jmp/1 T_0.61, 6;
    %cmpi/u 8, 9, 4;
    %jmp/1 T_0.62, 6;
    %cmpi/u 8, 10, 4;
    %jmp/1 T_0.63, 6;
    %cmpi/u 8, 11, 4;
    %jmp/1 T_0.64, 6;
    %cmpi/u 8, 12, 4;
    %jmp/1 T_0.65, 6;
    %cmpi/u 8, 13, 4;
    %jmp/1 T_0.66, 6;
    %cmpi/u 8, 14, 4;
    %jmp/1 T_0.67, 6;
    %cmpi/u 8, 15, 4;
    %jmp/1 T_0.68, 6;
    %jmp T_0.69;
T_0.53 ;
    %load/v 8, v0x23f3900_0, 32;
    %ix/load 0, 32, 0;
    %assign/v0 v0x23f39f0_0, 0, 8;
    %jmp T_0.69;
T_0.54 ;
    %load/v 8, v0x23f3900_0, 32;
    %ix/load 0, 32, 0;
    %assign/v0 v0x23f3e60_0, 0, 8;
    %jmp T_0.69;
T_0.55 ;
    %load/v 8, v0x23f3900_0, 32;
    %ix/load 0, 32, 0;
    %assign/v0 v0x23f40f0_0, 0, 8;
    %jmp T_0.69;
T_0.56 ;
    %load/v 8, v0x23f3900_0, 32;
    %ix/load 0, 32, 0;
    %assign/v0 v0x23f4210_0, 0, 8;
    %jmp T_0.69;
T_0.57 ;
    %load/v 8, v0x23f3900_0, 32;
    %ix/load 0, 32, 0;
    %assign/v0 v0x23f4290_0, 0, 8;
    %jmp T_0.69;
T_0.58 ;
    %load/v 8, v0x23f3900_0, 32;
    %ix/load 0, 32, 0;
    %assign/v0 v0x23f4170_0, 0, 8;
    %jmp T_0.69;
T_0.59 ;
    %load/v 8, v0x23f3900_0, 32;
    %ix/load 0, 32, 0;
    %assign/v0 v0x23f43c0_0, 0, 8;
    %jmp T_0.69;
T_0.60 ;
    %load/v 8, v0x23f3900_0, 32;
    %ix/load 0, 32, 0;
    %assign/v0 v0x23f4310_0, 0, 8;
    %jmp T_0.69;
T_0.61 ;
    %load/v 8, v0x23f3900_0, 32;
    %ix/load 0, 32, 0;
    %assign/v0 v0x23f4500_0, 0, 8;
    %jmp T_0.69;
T_0.62 ;
    %load/v 8, v0x23f3900_0, 32;
    %ix/load 0, 32, 0;
    %assign/v0 v0x23f3a90_0, 0, 8;
    %jmp T_0.69;
T_0.63 ;
    %load/v 8, v0x23f3900_0, 32;
    %ix/load 0, 32, 0;
    %assign/v0 v0x23f3b90_0, 0, 8;
    %jmp T_0.69;
T_0.64 ;
    %load/v 8, v0x23f3900_0, 32;
    %ix/load 0, 32, 0;
    %assign/v0 v0x23f3c30_0, 0, 8;
    %jmp T_0.69;
T_0.65 ;
    %load/v 8, v0x23f3900_0, 32;
    %ix/load 0, 32, 0;
    %assign/v0 v0x23f3d40_0, 0, 8;
    %jmp T_0.69;
T_0.66 ;
    %load/v 8, v0x23f3900_0, 32;
    %ix/load 0, 32, 0;
    %assign/v0 v0x23f3de0_0, 0, 8;
    %jmp T_0.69;
T_0.67 ;
    %load/v 8, v0x23f3900_0, 32;
    %ix/load 0, 32, 0;
    %assign/v0 v0x23f3f00_0, 0, 8;
    %jmp T_0.69;
T_0.68 ;
    %load/v 8, v0x23f3900_0, 32;
    %ix/load 0, 32, 0;
    %assign/v0 v0x23f3fa0_0, 0, 8;
    %jmp T_0.69;
T_0.69 ;
    %jmp T_0.2;
T_0.2 ;
    %jmp T_0;
    .thread T_0;
# The file index is used to find the file name in the following table.
:file_names 3;
    "N/A";
    "<interactive>";
    "memory.v";
