#! /usr/bin/vvp
:ivl_version "0.9.5 " "(v0_9_5)";
:vpi_time_precision + 0;
:vpi_module "system";
:vpi_module "v2005_math";
:vpi_module "va_math";
S_0x136e540 .scope module, "display" "display" 2 1;
 .timescale 0 0;
v0x13140d0_0 .var "c1", 7 0;
v0x13d1fe0_0 .var "c2", 7 0;
v0x13d2080_0 .net "clk", 0 0, C4<z>; 0 drivers
v0x13d2120_0 .var "clk2", 0 0;
v0x13d21d0_0 .var "count", 3 0;
v0x13d2270_0 .var "counter", 15 0;
v0x13d2350_0 .var "d1", 0 0;
v0x13d23f0_0 .var "d2", 0 0;
v0x13d24e0_0 .var "d3", 0 0;
v0x13d2580_0 .var "d4", 0 0;
v0x13d2680_0 .var "digit2", 3 0;
v0x13d2720_0 .var "digit3", 3 0;
v0x13d2830_0 .var "digit4", 3 0;
v0x13d28d0_0 .var "i", 3 0;
v0x13d29f0_0 .net "inp", 7 0, C4<zzzzzzzz>; 0 drivers
v0x13d2a90_0 .var "j", 3 0;
v0x13d2950_0 .var "k", 3 0;
v0x13d2be0_0 .var "led", 6 0;
E_0x13b1ee0 .event posedge, v0x13d2120_0;
E_0x13b8d60 .event posedge, v0x13d2080_0;
S_0x136d410 .scope module, "main" "main" 3 7;
 .timescale 0 0;
L_0x13d2600 .functor BUFZ 1, C4<z>, C4<0>, C4<0>, C4<0>;
L_0x13e3070 .functor BUFZ 1, C4<z>, C4<0>, C4<0>, C4<0>;
L_0x13e31c0 .functor BUFZ 1, C4<z>, C4<0>, C4<0>, C4<0>;
L_0x13e33d0 .functor BUFZ 1, C4<z>, C4<0>, C4<0>, C4<0>;
L_0x13e3530 .functor BUFZ 1, C4<z>, C4<0>, C4<0>, C4<0>;
L_0x13e36b0 .functor BUFZ 1, C4<z>, C4<0>, C4<0>, C4<0>;
L_0x13e3800 .functor BUFZ 1, C4<z>, C4<0>, C4<0>, C4<0>;
L_0x13e3a60 .functor BUFZ 1, C4<z>, C4<0>, C4<0>, C4<0>;
v0x13e06c0_0 .net *"_s11", 0 0, L_0x13e31c0; 1 drivers
v0x13e0780_0 .net *"_s15", 0 0, L_0x13e33d0; 1 drivers
v0x13e0820_0 .net *"_s19", 0 0, L_0x13e3530; 1 drivers
v0x13e08c0_0 .net *"_s23", 0 0, L_0x13e36b0; 1 drivers
v0x13e0940_0 .net *"_s27", 0 0, L_0x13e3800; 1 drivers
v0x13e09e0_0 .net *"_s3", 0 0, L_0x13d2600; 1 drivers
v0x13e0a80_0 .net *"_s31", 0 0, L_0x13e3a60; 1 drivers
v0x13e0b20_0 .net *"_s43", 1 0, L_0x13e3d90; 1 drivers
v0x13e0bc0_0 .net *"_s47", 3 0, C4<0000>; 1 drivers
v0x13e0c60_0 .net *"_s49", 1 0, L_0x13e4020; 1 drivers
v0x13e0d00_0 .net *"_s53", 3 0, C4<0000>; 1 drivers
v0x13e0da0_0 .net *"_s55", 1 0, L_0x13e42f0; 1 drivers
v0x13e0e40_0 .net *"_s59", 5 0, C4<000000>; 1 drivers
v0x13e0ee0_0 .net *"_s7", 0 0, L_0x13e3070; 1 drivers
v0x13e1000_0 .var "addsub", 0 0;
v0x13e1080_0 .net "b1", 0 0, C4<z>; 0 drivers
v0x13e0f60_0 .net "b2", 0 0, C4<z>; 0 drivers
v0x13e11d0_0 .net "b3", 0 0, C4<z>; 0 drivers
v0x13e12f0_0 .net "b4", 0 0, C4<z>; 0 drivers
v0x13e1370_0 .net "b5", 0 0, C4<z>; 0 drivers
v0x13e1250_0 .net "b6", 0 0, C4<z>; 0 drivers
v0x13e14a0_0 .net "b7", 0 0, C4<z>; 0 drivers
v0x13e13f0_0 .net "b8", 0 0, C4<z>; 0 drivers
RS_0x7ff2b455cf48/0/0 .resolv tri, L_0x13e2eb0, L_0x13e2f80, L_0x13e3120, L_0x13e3270;
RS_0x7ff2b455cf48/0/4 .resolv tri, L_0x13e3460, L_0x13e35e0, L_0x13e3760, L_0x13e38b0;
RS_0x7ff2b455cf48 .resolv tri, RS_0x7ff2b455cf48/0/0, RS_0x7ff2b455cf48/0/4, C4<zzzzzzzz>, C4<zzzzzzzz>;
v0x13e15e0_0 .net8 "binary_input", 7 0, RS_0x7ff2b455cf48; 8 drivers
v0x13e1540_0 .var "chk", 127 0;
v0x13e1730_0 .net "clk", 0 0, C4<z>; 0 drivers
v0x13e1660_0 .var "count", 7 0;
v0x13e1890_0 .net "d1", 0 0, C4<z>; 0 drivers
v0x13e17b0_0 .net "d2", 0 0, C4<z>; 0 drivers
v0x13e1a00_0 .net "d3", 0 0, C4<z>; 0 drivers
v0x13e1910_0 .net "d4", 0 0, C4<z>; 0 drivers
v0x13e1b80_0 .var "disp", 7 0;
v0x13e1a80_0 .net "led", 6 0, C4<zzzzzzz>; 0 drivers
v0x13e1d10_0 .var "op1", 7 0;
v0x13e1c00_0 .var "op2", 7 0;
v0x13e1c80_0 .net "opcode", 3 0, L_0x13e3b60; 1 drivers
v0x13e1ec0_0 .var "oper_state", 7 0;
RS_0x7ff2b455c1f8/0/0 .resolv tri, L_0x13f2000, L_0x13f2570, L_0x13f26b0, L_0x13f2900;
RS_0x7ff2b455c1f8/0/4 .resolv tri, L_0x13f2a40, L_0x13f2c30, L_0x13f2d70, L_0x13f30d0;
RS_0x7ff2b455c1f8 .resolv tri, RS_0x7ff2b455c1f8/0/0, RS_0x7ff2b455c1f8/0/4, C4<zzzzzzzz>, C4<zzzzzzzz>;
v0x13e1f40_0 .net8 "out_addsub", 7 0, RS_0x7ff2b455c1f8; 8 drivers
v0x13e1d90_0 .var "pc", 5 0;
v0x13e1e10_0 .var "prgm_adrs", 5 0;
v0x13e2110_0 .var "prgm_data", 7 0;
v0x13e2190_0 .var "prgm_erase", 0 0;
v0x13e1fc0_0 .var "prgm_mode", 0 0;
v0x13e2070_0 .net "prgm_out", 7 0, v0x13de750_0; 1 drivers
v0x13e23b0_0 .net "r0", 5 0, C4<000000>; 1 drivers
v0x13e2430_0 .net "r1", 5 0, C4<000001>; 1 drivers
v0x13e2210_0 .net "r2", 5 0, C4<000010>; 1 drivers
v0x13e2290_0 .net "r3", 5 0, C4<000011>; 1 drivers
v0x13e2640_0 .net "ra", 5 0, L_0x13e3ec0; 1 drivers
v0x13e26c0_0 .net "rb", 5 0, L_0x13e4150; 1 drivers
v0x13e24b0_0 .var "ret_state", 7 0;
v0x13e2530_0 .net "s1", 0 0, C4<z>; 0 drivers
v0x13e28f0_0 .net "s2", 0 0, C4<z>; 0 drivers
v0x13e2970_0 .net "s3", 0 0, C4<z>; 0 drivers
v0x13e2740_0 .var "state", 7 0;
v0x13e27e0_0 .var "sys_adrs", 5 0;
v0x13e2860_0 .var "sys_data", 7 0;
v0x13e2bc0_0 .var "sys_erase", 0 0;
v0x13e29f0_0 .var "sys_mode", 0 0;
v0x13e2aa0_0 .net "sys_out", 7 0, v0x13df900_0; 1 drivers
v0x13e2e30_0 .net "val", 7 0, L_0x13e4410; 1 drivers
L_0x13e2eb0 .part/pv L_0x13d2600, 0, 1, 8;
L_0x13e2f80 .part/pv L_0x13e3070, 1, 1, 8;
L_0x13e3120 .part/pv L_0x13e31c0, 2, 1, 8;
L_0x13e3270 .part/pv L_0x13e33d0, 3, 1, 8;
L_0x13e3460 .part/pv L_0x13e3530, 4, 1, 8;
L_0x13e35e0 .part/pv L_0x13e36b0, 5, 1, 8;
L_0x13e3760 .part/pv L_0x13e3800, 6, 1, 8;
L_0x13e38b0 .part/pv L_0x13e3a60, 7, 1, 8;
L_0x13e3b60 .part v0x13de750_0, 4, 4;
L_0x13e3d90 .part v0x13de750_0, 2, 2;
L_0x13e3ec0 .concat [ 2 4 0 0], L_0x13e3d90, C4<0000>;
L_0x13e4020 .part v0x13de750_0, 0, 2;
L_0x13e4150 .concat [ 2 4 0 0], L_0x13e4020, C4<0000>;
L_0x13e42f0 .part v0x13de750_0, 0, 2;
L_0x13e4410 .concat [ 2 6 0 0], L_0x13e42f0, C4<000000>;
S_0x13df510 .scope module, "m1" "sys_mem" 3 79, 4 8, S_0x136d410;
 .timescale 0 0;
v0x13df600_0 .net "adrs", 5 0, v0x13e27e0_0; 1 drivers
v0x13df6c0_0 .alias "clk", 0 0, v0x13e1730_0;
v0x13df740_0 .net "data", 7 0, v0x13e2860_0; 1 drivers
v0x13df7e0_0 .net "erase", 0 0, v0x13e2bc0_0; 1 drivers
v0x13df860_0 .net "mode", 0 0, v0x13e29f0_0; 1 drivers
v0x13df900_0 .var "out", 7 0;
v0x13df9a0_0 .net "sel1", 3 0, L_0x13e4590; 1 drivers
v0x13dfa40_0 .net "sel2", 1 0, L_0x13e4680; 1 drivers
v0x13dfb30_0 .var "temp", 31 0;
v0x13dfbd0_0 .var "w1", 31 0;
v0x13dfc70_0 .var "w10", 31 0;
v0x13dfd10_0 .var "w11", 31 0;
v0x13dfdb0_0 .var "w12", 31 0;
v0x13dfe50_0 .var "w13", 31 0;
v0x13dff70_0 .var "w14", 31 0;
v0x13e0010_0 .var "w15", 31 0;
v0x13dfed0_0 .var "w16", 31 0;
v0x13e0160_0 .var "w2", 31 0;
v0x13e0280_0 .var "w3", 31 0;
v0x13e0300_0 .var "w4", 31 0;
v0x13e01e0_0 .var "w5", 31 0;
v0x13e0430_0 .var "w6", 31 0;
v0x13e0380_0 .var "w7", 31 0;
v0x13e0570_0 .var "w8", 31 0;
v0x13e04d0_0 .var "w9", 31 0;
L_0x13e4590 .part v0x13e27e0_0, 2, 4;
L_0x13e4680 .part v0x13e27e0_0, 0, 2;
S_0x13de350 .scope module, "m2" "prgm_mem" 3 80, 5 8, S_0x136d410;
 .timescale 0 0;
v0x13de470_0 .net "adrs", 5 0, v0x13e1e10_0; 1 drivers
v0x13de4f0_0 .alias "clk", 0 0, v0x13e1730_0;
v0x13de5a0_0 .net "data", 7 0, v0x13e2110_0; 1 drivers
v0x13de620_0 .net "erase", 0 0, v0x13e2190_0; 1 drivers
v0x13de6d0_0 .net "mode", 0 0, v0x13e1fc0_0; 1 drivers
v0x13de750_0 .var "out", 7 0;
v0x13de7f0_0 .net "sel1", 3 0, L_0x13e4720; 1 drivers
v0x13de890_0 .net "sel2", 1 0, L_0x13e4840; 1 drivers
v0x13de980_0 .var "temp", 31 0;
v0x13dea20_0 .var "w1", 31 0;
v0x13deac0_0 .var "w10", 31 0;
v0x13deb60_0 .var "w11", 31 0;
v0x13dec00_0 .var "w12", 31 0;
v0x13deca0_0 .var "w13", 31 0;
v0x13dedc0_0 .var "w14", 31 0;
v0x13dee60_0 .var "w15", 31 0;
v0x13ded20_0 .var "w16", 31 0;
v0x13defb0_0 .var "w2", 31 0;
v0x13df0d0_0 .var "w3", 31 0;
v0x13df150_0 .var "w4", 31 0;
v0x13df030_0 .var "w5", 31 0;
v0x13df280_0 .var "w6", 31 0;
v0x13df1d0_0 .var "w7", 31 0;
v0x13df3c0_0 .var "w8", 31 0;
v0x13df320_0 .var "w9", 31 0;
E_0x13de440 .event posedge, v0x13ddce0_0;
L_0x13e4720 .part v0x13e1e10_0, 2, 4;
L_0x13e4840 .part v0x13e1e10_0, 0, 2;
S_0x13d2d00 .scope module, "as1" "add_sub" 3 81, 6 1, S_0x136d410;
 .timescale 0 0;
L_0x13f2bd0 .functor XOR 1, L_0x13f4560, v0x13e1000_0, C4<0>, C4<0>;
L_0x13f44f0 .functor XOR 1, L_0x13f47c0, v0x13e1000_0, C4<0>, C4<0>;
L_0x13f46f0 .functor XOR 1, L_0x13e6410, v0x13e1000_0, C4<0>, C4<0>;
L_0x13f4950 .functor XOR 1, L_0x13f4e10, v0x13e1000_0, C4<0>, C4<0>;
L_0x13f4d70 .functor XOR 1, L_0x13f50a0, v0x13e1000_0, C4<0>, C4<0>;
L_0x13f4fa0 .functor XOR 1, L_0x13f52f0, v0x13e1000_0, C4<0>, C4<0>;
L_0x13f5230 .functor XOR 1, L_0x13ed020, v0x13e1000_0, C4<0>, C4<0>;
L_0x13f5480 .functor XOR 1, L_0x13e9ec0, v0x13e1000_0, C4<0>, C4<0>;
v0x13dc170_0 .net *"_s11", 0 0, L_0x13f2750; 1 drivers
v0x13dc660_0 .net *"_s15", 0 0, L_0x13f29a0; 1 drivers
v0x13dc700_0 .net *"_s19", 0 0, L_0x13f2ae0; 1 drivers
v0x13dc7a0_0 .net *"_s23", 0 0, L_0x13f2cd0; 1 drivers
v0x13dc820_0 .net *"_s27", 0 0, L_0x13f2f20; 1 drivers
v0x13dc8c0_0 .net *"_s3", 0 0, L_0x13f24d0; 1 drivers
v0x13dc960_0 .net *"_s31", 0 0, L_0x13f3170; 1 drivers
v0x13dca00_0 .net *"_s35", 0 0, L_0x13f3340; 1 drivers
v0x13dcaf0_0 .net *"_s39", 0 0, L_0x13f35c0; 1 drivers
v0x13dcb90_0 .net *"_s43", 0 0, L_0x13e6200; 1 drivers
v0x13dcc30_0 .net *"_s47", 0 0, L_0x13f3a70; 1 drivers
v0x13dccd0_0 .net *"_s51", 0 0, L_0x13f3be0; 1 drivers
v0x13dcd70_0 .net *"_s55", 0 0, L_0x13f3db0; 1 drivers
v0x13dce10_0 .net *"_s59", 0 0, L_0x13ece60; 1 drivers
v0x13dcf30_0 .net *"_s63", 0 0, L_0x13f43b0; 1 drivers
v0x13dcfd0_0 .net *"_s64", 0 0, L_0x13f2bd0; 1 drivers
v0x13dce90_0 .net *"_s67", 0 0, L_0x13f4560; 1 drivers
v0x13dd120_0 .net *"_s68", 0 0, L_0x13f44f0; 1 drivers
v0x13dd240_0 .net *"_s7", 0 0, L_0x13f2610; 1 drivers
v0x13dd2c0_0 .net *"_s71", 0 0, L_0x13f47c0; 1 drivers
v0x13dd1a0_0 .net *"_s72", 0 0, L_0x13f46f0; 1 drivers
v0x13dd3f0_0 .net *"_s75", 0 0, L_0x13e6410; 1 drivers
v0x13dd340_0 .net *"_s76", 0 0, L_0x13f4950; 1 drivers
v0x13dd530_0 .net *"_s79", 0 0, L_0x13f4e10; 1 drivers
v0x13dd490_0 .net *"_s80", 0 0, L_0x13f4d70; 1 drivers
v0x13dd680_0 .net *"_s83", 0 0, L_0x13f50a0; 1 drivers
v0x13dd5d0_0 .net *"_s84", 0 0, L_0x13f4fa0; 1 drivers
v0x13dd7e0_0 .net *"_s87", 0 0, L_0x13f52f0; 1 drivers
v0x13dd720_0 .net *"_s88", 0 0, L_0x13f5230; 1 drivers
v0x13dd950_0 .net *"_s91", 0 0, L_0x13ed020; 1 drivers
v0x13dd860_0 .net *"_s92", 0 0, L_0x13f5480; 1 drivers
v0x13ddad0_0 .net *"_s95", 0 0, L_0x13e9ec0; 1 drivers
v0x13dd9d0_0 .net "a", 7 0, v0x13e1d10_0; 1 drivers
RS_0x7ff2b455ba48 .resolv tri, L_0x13f32a0, L_0x13f3520, L_0x13f3480, L_0x13f3660;
v0x13ddc60_0 .net8 "a1", 3 0, RS_0x7ff2b455ba48; 4 drivers
RS_0x7ff2b455a638 .resolv tri, L_0x13f39b0, L_0x13f3b10, L_0x13f3cd0, L_0x13f3ea0;
v0x13ddb50_0 .net8 "a2", 3 0, RS_0x7ff2b455a638; 4 drivers
v0x13ddbd0_0 .net "b", 7 0, v0x13e1c00_0; 1 drivers
RS_0x7ff2b455ba78 .resolv tri, L_0x13f42b0, L_0x13f4450, L_0x13f4650, L_0x13f48b0;
v0x13dde10_0 .net8 "b1", 3 0, RS_0x7ff2b455ba78; 4 drivers
RS_0x7ff2b455a668 .resolv tri, L_0x13f4cd0, L_0x13f4f00, L_0x13f5190, L_0x13f53e0;
v0x13dde90_0 .net8 "b2", 3 0, RS_0x7ff2b455a668; 4 drivers
v0x13ddce0_0 .alias "clk", 0 0, v0x13e1730_0;
v0x13ddd60_0 .net "cout1", 0 0, L_0x13ea280; 1 drivers
v0x13de060_0 .net "cout2", 0 0, L_0x13f1020; 1 drivers
v0x13de0e0_0 .net "oper", 0 0, v0x13e1000_0; 1 drivers
v0x13ddf10_0 .alias "out", 7 0, v0x13e1f40_0;
RS_0x7ff2b455bb38 .resolv tri, L_0x13ea3b0, L_0x13eab00, L_0x13eaf80, L_0x13eb200;
v0x13ddf90_0 .net8 "out1", 3 0, RS_0x7ff2b455bb38; 4 drivers
RS_0x7ff2b455a758 .resolv tri, L_0x13f1110, L_0x13f1810, L_0x13f1c90, L_0x13f1f10;
v0x13de2d0_0 .net8 "out2", 3 0, RS_0x7ff2b455a758; 4 drivers
L_0x13f2000 .part/pv L_0x13f24d0, 0, 1, 8;
L_0x13f24d0 .part RS_0x7ff2b455bb38, 0, 1;
L_0x13f2570 .part/pv L_0x13f2610, 1, 1, 8;
L_0x13f2610 .part RS_0x7ff2b455bb38, 1, 1;
L_0x13f26b0 .part/pv L_0x13f2750, 2, 1, 8;
L_0x13f2750 .part RS_0x7ff2b455bb38, 2, 1;
L_0x13f2900 .part/pv L_0x13f29a0, 3, 1, 8;
L_0x13f29a0 .part RS_0x7ff2b455bb38, 3, 1;
L_0x13f2a40 .part/pv L_0x13f2ae0, 4, 1, 8;
L_0x13f2ae0 .part RS_0x7ff2b455a758, 0, 1;
L_0x13f2c30 .part/pv L_0x13f2cd0, 5, 1, 8;
L_0x13f2cd0 .part RS_0x7ff2b455a758, 1, 1;
L_0x13f2d70 .part/pv L_0x13f2f20, 6, 1, 8;
L_0x13f2f20 .part RS_0x7ff2b455a758, 2, 1;
L_0x13f30d0 .part/pv L_0x13f3170, 7, 1, 8;
L_0x13f3170 .part RS_0x7ff2b455a758, 3, 1;
L_0x13f32a0 .part/pv L_0x13f3340, 0, 1, 4;
L_0x13f3340 .part v0x13e1d10_0, 0, 1;
L_0x13f3520 .part/pv L_0x13f35c0, 1, 1, 4;
L_0x13f35c0 .part v0x13e1d10_0, 1, 1;
L_0x13f3480 .part/pv L_0x13e6200, 2, 1, 4;
L_0x13e6200 .part v0x13e1d10_0, 2, 1;
L_0x13f3660 .part/pv L_0x13f3a70, 3, 1, 4;
L_0x13f3a70 .part v0x13e1d10_0, 3, 1;
L_0x13f39b0 .part/pv L_0x13f3be0, 0, 1, 4;
L_0x13f3be0 .part v0x13e1d10_0, 4, 1;
L_0x13f3b10 .part/pv L_0x13f3db0, 1, 1, 4;
L_0x13f3db0 .part v0x13e1d10_0, 5, 1;
L_0x13f3cd0 .part/pv L_0x13ece60, 2, 1, 4;
L_0x13ece60 .part v0x13e1d10_0, 6, 1;
L_0x13f3ea0 .part/pv L_0x13f43b0, 3, 1, 4;
L_0x13f43b0 .part v0x13e1d10_0, 7, 1;
L_0x13f42b0 .part/pv L_0x13f2bd0, 0, 1, 4;
L_0x13f4560 .part v0x13e1c00_0, 0, 1;
L_0x13f4450 .part/pv L_0x13f44f0, 1, 1, 4;
L_0x13f47c0 .part v0x13e1c00_0, 1, 1;
L_0x13f4650 .part/pv L_0x13f46f0, 2, 1, 4;
L_0x13e6410 .part v0x13e1c00_0, 2, 1;
L_0x13f48b0 .part/pv L_0x13f4950, 3, 1, 4;
L_0x13f4e10 .part v0x13e1c00_0, 3, 1;
L_0x13f4cd0 .part/pv L_0x13f4d70, 0, 1, 4;
L_0x13f50a0 .part v0x13e1c00_0, 4, 1;
L_0x13f4f00 .part/pv L_0x13f4fa0, 1, 1, 4;
L_0x13f52f0 .part v0x13e1c00_0, 5, 1;
L_0x13f5190 .part/pv L_0x13f5230, 2, 1, 4;
L_0x13ed020 .part v0x13e1c00_0, 6, 1;
L_0x13f53e0 .part/pv L_0x13f5480, 3, 1, 4;
L_0x13e9ec0 .part v0x13e1c00_0, 7, 1;
S_0x13d79f0 .scope module, "c1" "CLA" 6 11, 7 1, S_0x13d2d00;
 .timescale 0 0;
L_0x13e3e60 .functor XOR 1, L_0x13e4a60, L_0x13e4ba0, C4<0>, C4<0>;
L_0x13e4dd0 .functor XOR 1, L_0x13e4e80, L_0x13e4f70, C4<0>, C4<0>;
L_0x13e5140 .functor XOR 1, L_0x13e51f0, L_0x13e5370, C4<0>, C4<0>;
L_0x13e5680 .functor XOR 1, L_0x13e56e0, L_0x13e5780, C4<0>, C4<0>;
L_0x13e5620 .functor AND 1, L_0x13e5910, L_0x13e5a80, C4<1>, C4<1>;
L_0x13e5cf0 .functor AND 1, L_0x13e5da0, L_0x13e5e90, C4<1>, C4<1>;
L_0x13e5c60 .functor AND 1, L_0x13e6110, L_0x13e5f80, C4<1>, C4<1>;
L_0x13e6310 .functor AND 1, L_0x13e6630, L_0x13e6720, C4<1>, C4<1>;
L_0x13e6810 .functor AND 1, L_0x13e68e0, v0x13e1000_0, C4<1>, C4<1>;
L_0x13e1100 .functor AND 1, L_0x13e6e10, L_0x13e6cd0, C4<1>, C4<1>;
L_0x13e6fb0 .functor AND 1, L_0x13e1100, v0x13e1000_0, C4<1>, C4<1>;
L_0x13e6f50 .functor AND 1, L_0x13e7010, L_0x13e6eb0, C4<1>, C4<1>;
L_0x13e7320 .functor OR 1, L_0x13e6fb0, L_0x13e6f50, C4<0>, C4<0>;
L_0x13e71c0 .functor OR 1, L_0x13e7320, L_0x13e7420, C4<0>, C4<0>;
L_0x13e7560 .functor AND 1, L_0x13e76d0, L_0x13e74c0, C4<1>, C4<1>;
L_0x13e7940 .functor AND 1, L_0x13e7560, v0x13e1000_0, C4<1>, C4<1>;
L_0x13e7770 .functor AND 1, L_0x13e7940, L_0x13e7a80, C4<1>, C4<1>;
L_0x13e5460 .functor AND 1, L_0x13e7c60, L_0x13e7d00, C4<1>, C4<1>;
L_0x13e79f0 .functor AND 1, L_0x13e5460, L_0x13e8000, C4<1>, C4<1>;
L_0x13e8140 .functor OR 1, L_0x13e7770, L_0x13e79f0, C4<0>, C4<0>;
L_0x13e7f50 .functor AND 1, L_0x13e7bc0, L_0x13e7eb0, C4<1>, C4<1>;
L_0x13e84a0 .functor OR 1, L_0x13e8140, L_0x13e7f50, C4<0>, C4<0>;
L_0x13e82f0 .functor OR 1, L_0x13e84a0, L_0x13e8240, C4<0>, C4<0>;
L_0x13e8700 .functor AND 1, L_0x13e8900, L_0x13e8660, C4<1>, C4<1>;
L_0x13e85a0 .functor AND 1, L_0x13e8700, v0x13e1000_0, C4<1>, C4<1>;
L_0x13e89a0 .functor AND 1, L_0x13e85a0, L_0x13e8d30, C4<1>, C4<1>;
L_0x13e8aa0 .functor AND 1, L_0x13e89a0, L_0x13e8f60, C4<1>, C4<1>;
L_0x13e8e70 .functor AND 1, L_0x13e90a0, L_0x13e8dd0, C4<1>, C4<1>;
L_0x13e9140 .functor AND 1, L_0x13e8e70, L_0x13e70b0, C4<1>, C4<1>;
L_0x13e95d0 .functor AND 1, L_0x13e9140, L_0x13e9240, C4<1>, C4<1>;
L_0x13e9330 .functor OR 1, L_0x13e8aa0, L_0x13e95d0, C4<0>, C4<0>;
L_0x13e9480 .functor AND 1, L_0x13e9820, L_0x13e93e0, C4<1>, C4<1>;
L_0x13e9770 .functor AND 1, L_0x13e9480, L_0x13e96d0, C4<1>, C4<1>;
L_0x13e9910 .functor OR 1, L_0x13e9330, L_0x13e9770, C4<0>, C4<0>;
L_0x13e9b50 .functor AND 1, L_0x13e9a10, L_0x13e9ab0, C4<1>, C4<1>;
L_0x13e9c50 .functor OR 1, L_0x13e9910, L_0x13e9b50, C4<0>, C4<0>;
L_0x13e9e00 .functor OR 1, L_0x13e9c50, L_0x13e9d60, C4<0>, C4<0>;
v0x13d8900_0 .net *"_s0", 0 0, L_0x13e3e60; 1 drivers
v0x13d89c0_0 .net *"_s101", 0 0, L_0x13e8000; 1 drivers
v0x13d8a60_0 .net *"_s102", 0 0, L_0x13e79f0; 1 drivers
v0x13d8b00_0 .net *"_s104", 0 0, L_0x13e8140; 1 drivers
v0x13d8bb0_0 .net *"_s107", 0 0, L_0x13e7bc0; 1 drivers
v0x13d8c50_0 .net *"_s109", 0 0, L_0x13e7eb0; 1 drivers
v0x13d8cf0_0 .net *"_s11", 0 0, L_0x13e4f70; 1 drivers
v0x13d8d90_0 .net *"_s110", 0 0, L_0x13e7f50; 1 drivers
v0x13d8e30_0 .net *"_s112", 0 0, L_0x13e84a0; 1 drivers
v0x13d8ed0_0 .net *"_s115", 0 0, L_0x13e8240; 1 drivers
v0x13d8f70_0 .net *"_s116", 0 0, L_0x13e82f0; 1 drivers
v0x13d9010_0 .net *"_s12", 0 0, L_0x13e5140; 1 drivers
v0x13d90b0_0 .net *"_s121", 0 0, L_0x13e8900; 1 drivers
v0x13d9150_0 .net *"_s123", 0 0, L_0x13e8660; 1 drivers
v0x13d9270_0 .net *"_s124", 0 0, L_0x13e8700; 1 drivers
v0x13d9310_0 .net *"_s126", 0 0, L_0x13e85a0; 1 drivers
v0x13d91d0_0 .net *"_s129", 0 0, L_0x13e8d30; 1 drivers
v0x13d9460_0 .net *"_s130", 0 0, L_0x13e89a0; 1 drivers
v0x13d9580_0 .net *"_s133", 0 0, L_0x13e8f60; 1 drivers
v0x13d9600_0 .net *"_s134", 0 0, L_0x13e8aa0; 1 drivers
v0x13d94e0_0 .net *"_s137", 0 0, L_0x13e90a0; 1 drivers
v0x13d9730_0 .net *"_s139", 0 0, L_0x13e8dd0; 1 drivers
v0x13d9680_0 .net *"_s140", 0 0, L_0x13e8e70; 1 drivers
v0x13d9870_0 .net *"_s143", 0 0, L_0x13e70b0; 1 drivers
v0x13d97d0_0 .net *"_s144", 0 0, L_0x13e9140; 1 drivers
v0x13d99c0_0 .net *"_s147", 0 0, L_0x13e9240; 1 drivers
v0x13d9910_0 .net *"_s148", 0 0, L_0x13e95d0; 1 drivers
v0x13d9b20_0 .net *"_s15", 0 0, L_0x13e51f0; 1 drivers
v0x13d9a60_0 .net *"_s150", 0 0, L_0x13e9330; 1 drivers
v0x13d9c90_0 .net *"_s153", 0 0, L_0x13e9820; 1 drivers
v0x13d9ba0_0 .net *"_s155", 0 0, L_0x13e93e0; 1 drivers
v0x13d9e10_0 .net *"_s156", 0 0, L_0x13e9480; 1 drivers
v0x13d9d10_0 .net *"_s159", 0 0, L_0x13e96d0; 1 drivers
v0x13d9fa0_0 .net *"_s160", 0 0, L_0x13e9770; 1 drivers
v0x13d9e90_0 .net *"_s162", 0 0, L_0x13e9910; 1 drivers
v0x13da140_0 .net *"_s165", 0 0, L_0x13e9a10; 1 drivers
v0x13da020_0 .net *"_s167", 0 0, L_0x13e9ab0; 1 drivers
v0x13da0c0_0 .net *"_s168", 0 0, L_0x13e9b50; 1 drivers
v0x13da300_0 .net *"_s17", 0 0, L_0x13e5370; 1 drivers
v0x13da380_0 .net *"_s170", 0 0, L_0x13e9c50; 1 drivers
v0x13da1c0_0 .net *"_s173", 0 0, L_0x13e9d60; 1 drivers
v0x13da260_0 .net *"_s174", 0 0, L_0x13e9e00; 1 drivers
v0x13da560_0 .net *"_s18", 0 0, L_0x13e5680; 1 drivers
v0x13da5e0_0 .net *"_s21", 0 0, L_0x13e56e0; 1 drivers
v0x13da400_0 .net *"_s23", 0 0, L_0x13e5780; 1 drivers
v0x13da4a0_0 .net *"_s24", 0 0, L_0x13e5620; 1 drivers
v0x13da7e0_0 .net *"_s27", 0 0, L_0x13e5910; 1 drivers
v0x13da860_0 .net *"_s29", 0 0, L_0x13e5a80; 1 drivers
v0x13da680_0 .net *"_s3", 0 0, L_0x13e4a60; 1 drivers
v0x13da720_0 .net *"_s30", 0 0, L_0x13e5cf0; 1 drivers
v0x13daa80_0 .net *"_s33", 0 0, L_0x13e5da0; 1 drivers
v0x13dab00_0 .net *"_s35", 0 0, L_0x13e5e90; 1 drivers
v0x13da900_0 .net *"_s36", 0 0, L_0x13e5c60; 1 drivers
v0x13da9a0_0 .net *"_s39", 0 0, L_0x13e6110; 1 drivers
v0x13dad40_0 .net *"_s41", 0 0, L_0x13e5f80; 1 drivers
v0x13dadc0_0 .net *"_s42", 0 0, L_0x13e6310; 1 drivers
v0x13dab80_0 .net *"_s45", 0 0, L_0x13e6630; 1 drivers
v0x13dac20_0 .net *"_s47", 0 0, L_0x13e6720; 1 drivers
v0x13dacc0_0 .net *"_s5", 0 0, L_0x13e4ba0; 1 drivers
v0x13db040_0 .net *"_s51", 0 0, L_0x13e68e0; 1 drivers
v0x13dae60_0 .net *"_s52", 0 0, L_0x13e6810; 1 drivers
v0x13daf00_0 .net *"_s55", 0 0, L_0x13e6af0; 1 drivers
v0x13dafa0_0 .net *"_s56", 0 0, L_0x13e6b90; 1 drivers
v0x13db2e0_0 .net *"_s6", 0 0, L_0x13e4dd0; 1 drivers
v0x13db0e0_0 .net *"_s61", 0 0, L_0x13e6e10; 1 drivers
v0x13db180_0 .net *"_s63", 0 0, L_0x13e6cd0; 1 drivers
v0x13db220_0 .net *"_s64", 0 0, L_0x13e1100; 1 drivers
v0x13db580_0 .net *"_s66", 0 0, L_0x13e6fb0; 1 drivers
v0x13db380_0 .net *"_s69", 0 0, L_0x13e7010; 1 drivers
v0x13db420_0 .net *"_s71", 0 0, L_0x13e6eb0; 1 drivers
v0x13db4c0_0 .net *"_s72", 0 0, L_0x13e6f50; 1 drivers
v0x13db840_0 .net *"_s74", 0 0, L_0x13e7320; 1 drivers
v0x13db600_0 .net *"_s77", 0 0, L_0x13e7420; 1 drivers
v0x13db6a0_0 .net *"_s78", 0 0, L_0x13e71c0; 1 drivers
v0x13db740_0 .net *"_s83", 0 0, L_0x13e76d0; 1 drivers
v0x13dbb20_0 .net *"_s85", 0 0, L_0x13e74c0; 1 drivers
v0x13db8c0_0 .net *"_s86", 0 0, L_0x13e7560; 1 drivers
v0x13db960_0 .net *"_s88", 0 0, L_0x13e7940; 1 drivers
v0x13dba00_0 .net *"_s9", 0 0, L_0x13e4e80; 1 drivers
v0x13dbaa0_0 .net *"_s91", 0 0, L_0x13e7a80; 1 drivers
v0x13dbe30_0 .net *"_s92", 0 0, L_0x13e7770; 1 drivers
v0x13dbeb0_0 .net *"_s95", 0 0, L_0x13e7c60; 1 drivers
v0x13dbbc0_0 .net *"_s97", 0 0, L_0x13e7d00; 1 drivers
v0x13dbc60_0 .net *"_s98", 0 0, L_0x13e5460; 1 drivers
v0x13dbd00_0 .alias "a", 3 0, v0x13ddc60_0;
v0x13dbda0_0 .alias "b", 3 0, v0x13dde10_0;
RS_0x7ff2b455baa8 .resolv tri, L_0x13e6570, L_0x13e6980, L_0x13e7630, L_0x13e87d0;
v0x13dc210_0 .net8 "c", 3 0, RS_0x7ff2b455baa8; 4 drivers
v0x13dc2b0_0 .alias "cin", 0 0, v0x13de0e0_0;
v0x13dbf30_0 .alias "cout", 0 0, v0x13ddd60_0;
RS_0x7ff2b455bad8 .resolv tri, L_0x13e5820, L_0x13e5b70, L_0x13e6020, L_0x13e64d0;
v0x13dbfb0_0 .net8 "g", 3 0, RS_0x7ff2b455bad8; 4 drivers
RS_0x7ff2b455bb08 .resolv tri, L_0x13e48e0, L_0x13e4ce0, L_0x13e50a0, L_0x13e54f0;
v0x13dc030_0 .net8 "p", 3 0, RS_0x7ff2b455bb08; 4 drivers
v0x13dc0d0_0 .alias "sum", 3 0, v0x13ddf90_0;
L_0x13e48e0 .part/pv L_0x13e3e60, 0, 1, 4;
L_0x13e4a60 .part RS_0x7ff2b455ba48, 0, 1;
L_0x13e4ba0 .part RS_0x7ff2b455ba78, 0, 1;
L_0x13e4ce0 .part/pv L_0x13e4dd0, 1, 1, 4;
L_0x13e4e80 .part RS_0x7ff2b455ba48, 1, 1;
L_0x13e4f70 .part RS_0x7ff2b455ba78, 1, 1;
L_0x13e50a0 .part/pv L_0x13e5140, 2, 1, 4;
L_0x13e51f0 .part RS_0x7ff2b455ba48, 2, 1;
L_0x13e5370 .part RS_0x7ff2b455ba78, 2, 1;
L_0x13e54f0 .part/pv L_0x13e5680, 3, 1, 4;
L_0x13e56e0 .part RS_0x7ff2b455ba48, 3, 1;
L_0x13e5780 .part RS_0x7ff2b455ba78, 3, 1;
L_0x13e5820 .part/pv L_0x13e5620, 0, 1, 4;
L_0x13e5910 .part RS_0x7ff2b455ba48, 0, 1;
L_0x13e5a80 .part RS_0x7ff2b455ba78, 0, 1;
L_0x13e5b70 .part/pv L_0x13e5cf0, 1, 1, 4;
L_0x13e5da0 .part RS_0x7ff2b455ba48, 1, 1;
L_0x13e5e90 .part RS_0x7ff2b455ba78, 1, 1;
L_0x13e6020 .part/pv L_0x13e5c60, 2, 1, 4;
L_0x13e6110 .part RS_0x7ff2b455ba48, 2, 1;
L_0x13e5f80 .part RS_0x7ff2b455ba78, 2, 1;
L_0x13e64d0 .part/pv L_0x13e6310, 3, 1, 4;
L_0x13e6630 .part RS_0x7ff2b455ba48, 3, 1;
L_0x13e6720 .part RS_0x7ff2b455ba78, 3, 1;
L_0x13e6570 .part/pv L_0x13e6b90, 0, 1, 4;
L_0x13e68e0 .part RS_0x7ff2b455bb08, 0, 1;
L_0x13e6af0 .part RS_0x7ff2b455bad8, 0, 1;
L_0x13e6b90 .arith/sum 1, L_0x13e6810, L_0x13e6af0;
L_0x13e6980 .part/pv L_0x13e71c0, 1, 1, 4;
L_0x13e6e10 .part RS_0x7ff2b455bb08, 0, 1;
L_0x13e6cd0 .part RS_0x7ff2b455bb08, 1, 1;
L_0x13e7010 .part RS_0x7ff2b455bb08, 1, 1;
L_0x13e6eb0 .part RS_0x7ff2b455bad8, 0, 1;
L_0x13e7420 .part RS_0x7ff2b455bad8, 1, 1;
L_0x13e7630 .part/pv L_0x13e82f0, 2, 1, 4;
L_0x13e76d0 .part RS_0x7ff2b455bb08, 0, 1;
L_0x13e74c0 .part RS_0x7ff2b455bb08, 1, 1;
L_0x13e7a80 .part RS_0x7ff2b455bb08, 2, 1;
L_0x13e7c60 .part RS_0x7ff2b455bb08, 1, 1;
L_0x13e7d00 .part RS_0x7ff2b455bad8, 0, 1;
L_0x13e8000 .part RS_0x7ff2b455bb08, 2, 1;
L_0x13e7bc0 .part RS_0x7ff2b455bad8, 1, 1;
L_0x13e7eb0 .part RS_0x7ff2b455bb08, 2, 1;
L_0x13e8240 .part RS_0x7ff2b455bad8, 2, 1;
L_0x13e87d0 .part/pv L_0x13e9e00, 3, 1, 4;
L_0x13e8900 .part RS_0x7ff2b455bb08, 0, 1;
L_0x13e8660 .part RS_0x7ff2b455bb08, 1, 1;
L_0x13e8d30 .part RS_0x7ff2b455bb08, 2, 1;
L_0x13e8f60 .part RS_0x7ff2b455bb08, 3, 1;
L_0x13e90a0 .part RS_0x7ff2b455bb08, 1, 1;
L_0x13e8dd0 .part RS_0x7ff2b455bad8, 0, 1;
L_0x13e70b0 .part RS_0x7ff2b455bb08, 2, 1;
L_0x13e9240 .part RS_0x7ff2b455bb08, 3, 1;
L_0x13e9820 .part RS_0x7ff2b455bad8, 1, 1;
L_0x13e93e0 .part RS_0x7ff2b455bb08, 2, 1;
L_0x13e96d0 .part RS_0x7ff2b455bb08, 3, 1;
L_0x13e9a10 .part RS_0x7ff2b455bad8, 2, 1;
L_0x13e9ab0 .part RS_0x7ff2b455bb08, 3, 1;
L_0x13e9d60 .part RS_0x7ff2b455bad8, 3, 1;
L_0x13ea280 .part RS_0x7ff2b455baa8, 3, 1;
L_0x13e6a20 .part RS_0x7ff2b455ba48, 0, 1;
L_0x13ea5a0 .part RS_0x7ff2b455ba78, 0, 1;
L_0x13ea3b0 .part/pv L_0x13e9e60, 0, 1, 4;
L_0x13ea840 .part RS_0x7ff2b455ba48, 1, 1;
L_0x13ea640 .part RS_0x7ff2b455ba78, 1, 1;
L_0x13ea730 .part RS_0x7ff2b455baa8, 0, 1;
L_0x13eab00 .part/pv L_0x13ea4f0, 1, 1, 4;
L_0x13eac50 .part RS_0x7ff2b455ba48, 2, 1;
L_0x13ea8e0 .part RS_0x7ff2b455ba78, 2, 1;
L_0x13ea9d0 .part RS_0x7ff2b455baa8, 1, 1;
L_0x13eaf80 .part/pv L_0x13eabf0, 2, 1, 4;
L_0x13eb110 .part RS_0x7ff2b455ba48, 3, 1;
L_0x13ead40 .part RS_0x7ff2b455ba78, 3, 1;
L_0x13eae30 .part RS_0x7ff2b455baa8, 2, 1;
L_0x13eb200 .part/pv L_0x13eb0b0, 3, 1, 4;
S_0x13d8560 .scope module, "f1" "FA" 7 24, 8 1, S_0x13d79f0;
 .timescale 0 0;
L_0x13e9e60 .functor XOR 1, L_0x13e6a20, L_0x13ea5a0, v0x13e1000_0, C4<0>;
v0x13d8650_0 .net "a", 0 0, L_0x13e6a20; 1 drivers
v0x13d8710_0 .net "b", 0 0, L_0x13ea5a0; 1 drivers
v0x13d87b0_0 .alias "cin", 0 0, v0x13de0e0_0;
v0x13d8850_0 .net "sum", 0 0, L_0x13e9e60; 1 drivers
S_0x13d81c0 .scope module, "f2" "FA" 7 25, 8 1, S_0x13d79f0;
 .timescale 0 0;
L_0x13ea4f0 .functor XOR 1, L_0x13ea840, L_0x13ea640, L_0x13ea730, C4<0>;
v0x13d82b0_0 .net "a", 0 0, L_0x13ea840; 1 drivers
v0x13d8370_0 .net "b", 0 0, L_0x13ea640; 1 drivers
v0x13d8410_0 .net "cin", 0 0, L_0x13ea730; 1 drivers
v0x13d84b0_0 .net "sum", 0 0, L_0x13ea4f0; 1 drivers
S_0x13d7e20 .scope module, "f3" "FA" 7 26, 8 1, S_0x13d79f0;
 .timescale 0 0;
L_0x13eabf0 .functor XOR 1, L_0x13eac50, L_0x13ea8e0, L_0x13ea9d0, C4<0>;
v0x13d7f10_0 .net "a", 0 0, L_0x13eac50; 1 drivers
v0x13d7fd0_0 .net "b", 0 0, L_0x13ea8e0; 1 drivers
v0x13d8070_0 .net "cin", 0 0, L_0x13ea9d0; 1 drivers
v0x13d8110_0 .net "sum", 0 0, L_0x13eabf0; 1 drivers
S_0x13d7ae0 .scope module, "f4" "FA" 7 27, 8 1, S_0x13d79f0;
 .timescale 0 0;
L_0x13eb0b0 .functor XOR 1, L_0x13eb110, L_0x13ead40, L_0x13eae30, C4<0>;
v0x13d7bd0_0 .net "a", 0 0, L_0x13eb110; 1 drivers
v0x13d7c50_0 .net "b", 0 0, L_0x13ead40; 1 drivers
v0x13d7cd0_0 .net "cin", 0 0, L_0x13eae30; 1 drivers
v0x13d7d70_0 .net "sum", 0 0, L_0x13eb0b0; 1 drivers
S_0x13d2df0 .scope module, "c2" "CLA" 6 12, 7 1, S_0x13d2d00;
 .timescale 0 0;
L_0x13eaf20 .functor XOR 1, L_0x13eb7c0, L_0x13eb860, C4<0>, C4<0>;
L_0x13eba90 .functor XOR 1, L_0x13ebb40, L_0x13ebc30, C4<0>, C4<0>;
L_0x13ebdc0 .functor XOR 1, L_0x13ebe70, L_0x13ebff0, C4<0>, C4<0>;
L_0x13ec2a0 .functor XOR 1, L_0x13ec300, L_0x13ec3a0, C4<0>, C4<0>;
L_0x13e8870 .functor AND 1, L_0x13ec5f0, L_0x13ec6e0, C4<1>, C4<1>;
L_0x13ec950 .functor AND 1, L_0x13eca00, L_0x13ecaf0, C4<1>, C4<1>;
L_0x13ec8c0 .functor AND 1, L_0x13ecd70, L_0x13ecbe0, C4<1>, C4<1>;
L_0x13ecf70 .functor AND 1, L_0x13ed290, L_0x13ed380, C4<1>, C4<1>;
L_0x13ed470 .functor AND 1, L_0x13ed540, L_0x13ea280, C4<1>, C4<1>;
L_0x13edbd0 .functor AND 1, L_0x13eda30, L_0x13ed8f0, C4<1>, C4<1>;
L_0x13edce0 .functor AND 1, L_0x13edbd0, L_0x13ea280, C4<1>, C4<1>;
L_0x13edb70 .functor AND 1, L_0x13edd40, L_0x13edad0, C4<1>, C4<1>;
L_0x13edc80 .functor OR 1, L_0x13edce0, L_0x13edb70, C4<0>, C4<0>;
L_0x13edef0 .functor OR 1, L_0x13edc80, L_0x13ee0f0, C4<0>, C4<0>;
L_0x13ee230 .functor AND 1, L_0x13ee3a0, L_0x13ee190, C4<1>, C4<1>;
L_0x13ee610 .functor AND 1, L_0x13ee230, L_0x13ea280, C4<1>, C4<1>;
L_0x13ee440 .functor AND 1, L_0x13ee610, L_0x13ee750, C4<1>, C4<1>;
L_0x13ec0e0 .functor AND 1, L_0x13ee930, L_0x13ee9d0, C4<1>, C4<1>;
L_0x13ee6c0 .functor AND 1, L_0x13ec0e0, L_0x13eecd0, C4<1>, C4<1>;
L_0x13eee10 .functor OR 1, L_0x13ee440, L_0x13ee6c0, C4<0>, C4<0>;
L_0x13eec20 .functor AND 1, L_0x13ee890, L_0x13eeb80, C4<1>, C4<1>;
L_0x13ef170 .functor OR 1, L_0x13eee10, L_0x13eec20, C4<0>, C4<0>;
L_0x13eefc0 .functor OR 1, L_0x13ef170, L_0x13eef10, C4<0>, C4<0>;
L_0x13ef3d0 .functor AND 1, L_0x13ef5d0, L_0x13ef330, C4<1>, C4<1>;
L_0x13ef270 .functor AND 1, L_0x13ef3d0, L_0x13ea280, C4<1>, C4<1>;
L_0x13ea320 .functor AND 1, L_0x13ef270, L_0x13efb10, C4<1>, C4<1>;
L_0x13efd40 .functor AND 1, L_0x13ea320, L_0x13ef710, C4<1>, C4<1>;
L_0x13efc50 .functor AND 1, L_0x13efe40, L_0x13efbb0, C4<1>, C4<1>;
L_0x13efee0 .functor AND 1, L_0x13efc50, L_0x13edde0, C4<1>, C4<1>;
L_0x13f0370 .functor AND 1, L_0x13efee0, L_0x13effe0, C4<1>, C4<1>;
L_0x13f00d0 .functor OR 1, L_0x13efd40, L_0x13f0370, C4<0>, C4<0>;
L_0x13f0220 .functor AND 1, L_0x13f05c0, L_0x13f0180, C4<1>, C4<1>;
L_0x13f0510 .functor AND 1, L_0x13f0220, L_0x13f0470, C4<1>, C4<1>;
L_0x13f06b0 .functor OR 1, L_0x13f00d0, L_0x13f0510, C4<0>, C4<0>;
L_0x13f08f0 .functor AND 1, L_0x13f07b0, L_0x13f0850, C4<1>, C4<1>;
L_0x13f09f0 .functor OR 1, L_0x13f06b0, L_0x13f08f0, C4<0>, C4<0>;
L_0x13f0ba0 .functor OR 1, L_0x13f09f0, L_0x13f0b00, C4<0>, C4<0>;
v0x13d3cd0_0 .net *"_s0", 0 0, L_0x13eaf20; 1 drivers
v0x13d3d90_0 .net *"_s101", 0 0, L_0x13eecd0; 1 drivers
v0x13d3e30_0 .net *"_s102", 0 0, L_0x13ee6c0; 1 drivers
v0x13d3ed0_0 .net *"_s104", 0 0, L_0x13eee10; 1 drivers
v0x13d3f80_0 .net *"_s107", 0 0, L_0x13ee890; 1 drivers
v0x13d4020_0 .net *"_s109", 0 0, L_0x13eeb80; 1 drivers
v0x13d40c0_0 .net *"_s11", 0 0, L_0x13ebc30; 1 drivers
v0x13d4160_0 .net *"_s110", 0 0, L_0x13eec20; 1 drivers
v0x13d4200_0 .net *"_s112", 0 0, L_0x13ef170; 1 drivers
v0x13d42a0_0 .net *"_s115", 0 0, L_0x13eef10; 1 drivers
v0x13d4340_0 .net *"_s116", 0 0, L_0x13eefc0; 1 drivers
v0x13d43e0_0 .net *"_s12", 0 0, L_0x13ebdc0; 1 drivers
v0x13d4480_0 .net *"_s121", 0 0, L_0x13ef5d0; 1 drivers
v0x13d4520_0 .net *"_s123", 0 0, L_0x13ef330; 1 drivers
v0x13d4640_0 .net *"_s124", 0 0, L_0x13ef3d0; 1 drivers
v0x13d46e0_0 .net *"_s126", 0 0, L_0x13ef270; 1 drivers
v0x13d45a0_0 .net *"_s129", 0 0, L_0x13efb10; 1 drivers
v0x13d4830_0 .net *"_s130", 0 0, L_0x13ea320; 1 drivers
v0x13d4950_0 .net *"_s133", 0 0, L_0x13ef710; 1 drivers
v0x13d49d0_0 .net *"_s134", 0 0, L_0x13efd40; 1 drivers
v0x13d48b0_0 .net *"_s137", 0 0, L_0x13efe40; 1 drivers
v0x13d4b00_0 .net *"_s139", 0 0, L_0x13efbb0; 1 drivers
v0x13d4a50_0 .net *"_s140", 0 0, L_0x13efc50; 1 drivers
v0x13d4c40_0 .net *"_s143", 0 0, L_0x13edde0; 1 drivers
v0x13d4ba0_0 .net *"_s144", 0 0, L_0x13efee0; 1 drivers
v0x13d4d90_0 .net *"_s147", 0 0, L_0x13effe0; 1 drivers
v0x13d4ce0_0 .net *"_s148", 0 0, L_0x13f0370; 1 drivers
v0x13d4ef0_0 .net *"_s15", 0 0, L_0x13ebe70; 1 drivers
v0x13d4e30_0 .net *"_s150", 0 0, L_0x13f00d0; 1 drivers
v0x13d5060_0 .net *"_s153", 0 0, L_0x13f05c0; 1 drivers
v0x13d4f70_0 .net *"_s155", 0 0, L_0x13f0180; 1 drivers
v0x13d51e0_0 .net *"_s156", 0 0, L_0x13f0220; 1 drivers
v0x13d50e0_0 .net *"_s159", 0 0, L_0x13f0470; 1 drivers
v0x13d5370_0 .net *"_s160", 0 0, L_0x13f0510; 1 drivers
v0x13d5260_0 .net *"_s162", 0 0, L_0x13f06b0; 1 drivers
v0x13d5510_0 .net *"_s165", 0 0, L_0x13f07b0; 1 drivers
v0x13d53f0_0 .net *"_s167", 0 0, L_0x13f0850; 1 drivers
v0x13d5490_0 .net *"_s168", 0 0, L_0x13f08f0; 1 drivers
v0x13d56d0_0 .net *"_s17", 0 0, L_0x13ebff0; 1 drivers
v0x13d5750_0 .net *"_s170", 0 0, L_0x13f09f0; 1 drivers
v0x13d5590_0 .net *"_s173", 0 0, L_0x13f0b00; 1 drivers
v0x13d5630_0 .net *"_s174", 0 0, L_0x13f0ba0; 1 drivers
v0x13d5930_0 .net *"_s18", 0 0, L_0x13ec2a0; 1 drivers
v0x13d59b0_0 .net *"_s21", 0 0, L_0x13ec300; 1 drivers
v0x13d57d0_0 .net *"_s23", 0 0, L_0x13ec3a0; 1 drivers
v0x13d5870_0 .net *"_s24", 0 0, L_0x13e8870; 1 drivers
v0x13d5bb0_0 .net *"_s27", 0 0, L_0x13ec5f0; 1 drivers
v0x13d5c30_0 .net *"_s29", 0 0, L_0x13ec6e0; 1 drivers
v0x13d5a50_0 .net *"_s3", 0 0, L_0x13eb7c0; 1 drivers
v0x13d5af0_0 .net *"_s30", 0 0, L_0x13ec950; 1 drivers
v0x13d5e50_0 .net *"_s33", 0 0, L_0x13eca00; 1 drivers
v0x13d5ed0_0 .net *"_s35", 0 0, L_0x13ecaf0; 1 drivers
v0x13d5cd0_0 .net *"_s36", 0 0, L_0x13ec8c0; 1 drivers
v0x13d5d70_0 .net *"_s39", 0 0, L_0x13ecd70; 1 drivers
v0x13d6110_0 .net *"_s41", 0 0, L_0x13ecbe0; 1 drivers
v0x13d6190_0 .net *"_s42", 0 0, L_0x13ecf70; 1 drivers
v0x13d5f50_0 .net *"_s45", 0 0, L_0x13ed290; 1 drivers
v0x13d5ff0_0 .net *"_s47", 0 0, L_0x13ed380; 1 drivers
v0x13d6090_0 .net *"_s5", 0 0, L_0x13eb860; 1 drivers
v0x13d6410_0 .net *"_s51", 0 0, L_0x13ed540; 1 drivers
v0x13d6230_0 .net *"_s52", 0 0, L_0x13ed470; 1 drivers
v0x13d62d0_0 .net *"_s55", 0 0, L_0x13ed6c0; 1 drivers
v0x13d6370_0 .net *"_s56", 0 0, L_0x13ed760; 1 drivers
v0x13d66b0_0 .net *"_s6", 0 0, L_0x13eba90; 1 drivers
v0x13d64b0_0 .net *"_s61", 0 0, L_0x13eda30; 1 drivers
v0x13d6550_0 .net *"_s63", 0 0, L_0x13ed8f0; 1 drivers
v0x13d65f0_0 .net *"_s64", 0 0, L_0x13edbd0; 1 drivers
v0x13d6950_0 .net *"_s66", 0 0, L_0x13edce0; 1 drivers
v0x13d6750_0 .net *"_s69", 0 0, L_0x13edd40; 1 drivers
v0x13d67f0_0 .net *"_s71", 0 0, L_0x13edad0; 1 drivers
v0x13d6890_0 .net *"_s72", 0 0, L_0x13edb70; 1 drivers
v0x13d6c10_0 .net *"_s74", 0 0, L_0x13edc80; 1 drivers
v0x13d69d0_0 .net *"_s77", 0 0, L_0x13ee0f0; 1 drivers
v0x13d6a70_0 .net *"_s78", 0 0, L_0x13edef0; 1 drivers
v0x13d6b10_0 .net *"_s83", 0 0, L_0x13ee3a0; 1 drivers
v0x13d6ef0_0 .net *"_s85", 0 0, L_0x13ee190; 1 drivers
v0x13d6c90_0 .net *"_s86", 0 0, L_0x13ee230; 1 drivers
v0x13d6d30_0 .net *"_s88", 0 0, L_0x13ee610; 1 drivers
v0x13d6dd0_0 .net *"_s9", 0 0, L_0x13ebb40; 1 drivers
v0x13d6e70_0 .net *"_s91", 0 0, L_0x13ee750; 1 drivers
v0x13d7200_0 .net *"_s92", 0 0, L_0x13ee440; 1 drivers
v0x13d7280_0 .net *"_s95", 0 0, L_0x13ee930; 1 drivers
v0x13d6f90_0 .net *"_s97", 0 0, L_0x13ee9d0; 1 drivers
v0x13d7030_0 .net *"_s98", 0 0, L_0x13ec0e0; 1 drivers
v0x13d70d0_0 .alias "a", 3 0, v0x13ddb50_0;
v0x13d7170_0 .alias "b", 3 0, v0x13dde90_0;
RS_0x7ff2b455a698 .resolv tri, L_0x13ed1d0, L_0x13ed5e0, L_0x13ee300, L_0x13ef4a0;
v0x13d75e0_0 .net8 "c", 3 0, RS_0x7ff2b455a698; 4 drivers
v0x13d7680_0 .alias "cin", 0 0, v0x13ddd60_0;
v0x13d7300_0 .alias "cout", 0 0, v0x13de060_0;
RS_0x7ff2b455a6f8 .resolv tri, L_0x13ec500, L_0x13ec7d0, L_0x13ecc80, L_0x13ed130;
v0x13d7380_0 .net8 "g", 3 0, RS_0x7ff2b455a6f8; 4 drivers
RS_0x7ff2b455a728 .resolv tri, L_0x13eb2f0, L_0x13eb9a0, L_0x13ebd20, L_0x13ec170;
v0x13d7420_0 .net8 "p", 3 0, RS_0x7ff2b455a728; 4 drivers
v0x13d74c0_0 .alias "sum", 3 0, v0x13de2d0_0;
L_0x13eb2f0 .part/pv L_0x13eaf20, 0, 1, 4;
L_0x13eb7c0 .part RS_0x7ff2b455a638, 0, 1;
L_0x13eb860 .part RS_0x7ff2b455a668, 0, 1;
L_0x13eb9a0 .part/pv L_0x13eba90, 1, 1, 4;
L_0x13ebb40 .part RS_0x7ff2b455a638, 1, 1;
L_0x13ebc30 .part RS_0x7ff2b455a668, 1, 1;
L_0x13ebd20 .part/pv L_0x13ebdc0, 2, 1, 4;
L_0x13ebe70 .part RS_0x7ff2b455a638, 2, 1;
L_0x13ebff0 .part RS_0x7ff2b455a668, 2, 1;
L_0x13ec170 .part/pv L_0x13ec2a0, 3, 1, 4;
L_0x13ec300 .part RS_0x7ff2b455a638, 3, 1;
L_0x13ec3a0 .part RS_0x7ff2b455a668, 3, 1;
L_0x13ec500 .part/pv L_0x13e8870, 0, 1, 4;
L_0x13ec5f0 .part RS_0x7ff2b455a638, 0, 1;
L_0x13ec6e0 .part RS_0x7ff2b455a668, 0, 1;
L_0x13ec7d0 .part/pv L_0x13ec950, 1, 1, 4;
L_0x13eca00 .part RS_0x7ff2b455a638, 1, 1;
L_0x13ecaf0 .part RS_0x7ff2b455a668, 1, 1;
L_0x13ecc80 .part/pv L_0x13ec8c0, 2, 1, 4;
L_0x13ecd70 .part RS_0x7ff2b455a638, 2, 1;
L_0x13ecbe0 .part RS_0x7ff2b455a668, 2, 1;
L_0x13ed130 .part/pv L_0x13ecf70, 3, 1, 4;
L_0x13ed290 .part RS_0x7ff2b455a638, 3, 1;
L_0x13ed380 .part RS_0x7ff2b455a668, 3, 1;
L_0x13ed1d0 .part/pv L_0x13ed760, 0, 1, 4;
L_0x13ed540 .part RS_0x7ff2b455a728, 0, 1;
L_0x13ed6c0 .part RS_0x7ff2b455a6f8, 0, 1;
L_0x13ed760 .arith/sum 1, L_0x13ed470, L_0x13ed6c0;
L_0x13ed5e0 .part/pv L_0x13edef0, 1, 1, 4;
L_0x13eda30 .part RS_0x7ff2b455a728, 0, 1;
L_0x13ed8f0 .part RS_0x7ff2b455a728, 1, 1;
L_0x13edd40 .part RS_0x7ff2b455a728, 1, 1;
L_0x13edad0 .part RS_0x7ff2b455a6f8, 0, 1;
L_0x13ee0f0 .part RS_0x7ff2b455a6f8, 1, 1;
L_0x13ee300 .part/pv L_0x13eefc0, 2, 1, 4;
L_0x13ee3a0 .part RS_0x7ff2b455a728, 0, 1;
L_0x13ee190 .part RS_0x7ff2b455a728, 1, 1;
L_0x13ee750 .part RS_0x7ff2b455a728, 2, 1;
L_0x13ee930 .part RS_0x7ff2b455a728, 1, 1;
L_0x13ee9d0 .part RS_0x7ff2b455a6f8, 0, 1;
L_0x13eecd0 .part RS_0x7ff2b455a728, 2, 1;
L_0x13ee890 .part RS_0x7ff2b455a6f8, 1, 1;
L_0x13eeb80 .part RS_0x7ff2b455a728, 2, 1;
L_0x13eef10 .part RS_0x7ff2b455a6f8, 2, 1;
L_0x13ef4a0 .part/pv L_0x13f0ba0, 3, 1, 4;
L_0x13ef5d0 .part RS_0x7ff2b455a728, 0, 1;
L_0x13ef330 .part RS_0x7ff2b455a728, 1, 1;
L_0x13efb10 .part RS_0x7ff2b455a728, 2, 1;
L_0x13ef710 .part RS_0x7ff2b455a728, 3, 1;
L_0x13efe40 .part RS_0x7ff2b455a728, 1, 1;
L_0x13efbb0 .part RS_0x7ff2b455a6f8, 0, 1;
L_0x13edde0 .part RS_0x7ff2b455a728, 2, 1;
L_0x13effe0 .part RS_0x7ff2b455a728, 3, 1;
L_0x13f05c0 .part RS_0x7ff2b455a6f8, 1, 1;
L_0x13f0180 .part RS_0x7ff2b455a728, 2, 1;
L_0x13f0470 .part RS_0x7ff2b455a728, 3, 1;
L_0x13f07b0 .part RS_0x7ff2b455a6f8, 2, 1;
L_0x13f0850 .part RS_0x7ff2b455a728, 3, 1;
L_0x13f0b00 .part RS_0x7ff2b455a6f8, 3, 1;
L_0x13f1020 .part RS_0x7ff2b455a698, 3, 1;
L_0x13f0c60 .part RS_0x7ff2b455a638, 0, 1;
L_0x13f0d50 .part RS_0x7ff2b455a668, 0, 1;
L_0x13f1110 .part/pv L_0x13f0c00, 0, 1, 4;
L_0x13f1550 .part RS_0x7ff2b455a638, 1, 1;
L_0x13f1350 .part RS_0x7ff2b455a668, 1, 1;
L_0x13f1440 .part RS_0x7ff2b455a698, 0, 1;
L_0x13f1810 .part/pv L_0x13f1250, 1, 1, 4;
L_0x13f1960 .part RS_0x7ff2b455a638, 2, 1;
L_0x13f15f0 .part RS_0x7ff2b455a668, 2, 1;
L_0x13f16e0 .part RS_0x7ff2b455a698, 1, 1;
L_0x13f1c90 .part/pv L_0x13f1900, 2, 1, 4;
L_0x13f1e20 .part RS_0x7ff2b455a638, 3, 1;
L_0x13f1a50 .part RS_0x7ff2b455a668, 3, 1;
L_0x13f1b40 .part RS_0x7ff2b455a698, 2, 1;
L_0x13f1f10 .part/pv L_0x13f1dc0, 3, 1, 4;
S_0x13d3930 .scope module, "f1" "FA" 7 24, 8 1, S_0x13d2df0;
 .timescale 0 0;
L_0x13f0c00 .functor XOR 1, L_0x13f0c60, L_0x13f0d50, L_0x13ea280, C4<0>;
v0x13d3a20_0 .net "a", 0 0, L_0x13f0c60; 1 drivers
v0x13d3ae0_0 .net "b", 0 0, L_0x13f0d50; 1 drivers
v0x13d3b80_0 .alias "cin", 0 0, v0x13ddd60_0;
v0x13d3c20_0 .net "sum", 0 0, L_0x13f0c00; 1 drivers
S_0x13d3590 .scope module, "f2" "FA" 7 25, 8 1, S_0x13d2df0;
 .timescale 0 0;
L_0x13f1250 .functor XOR 1, L_0x13f1550, L_0x13f1350, L_0x13f1440, C4<0>;
v0x13d3680_0 .net "a", 0 0, L_0x13f1550; 1 drivers
v0x13d3740_0 .net "b", 0 0, L_0x13f1350; 1 drivers
v0x13d37e0_0 .net "cin", 0 0, L_0x13f1440; 1 drivers
v0x13d3880_0 .net "sum", 0 0, L_0x13f1250; 1 drivers
S_0x13d31f0 .scope module, "f3" "FA" 7 26, 8 1, S_0x13d2df0;
 .timescale 0 0;
L_0x13f1900 .functor XOR 1, L_0x13f1960, L_0x13f15f0, L_0x13f16e0, C4<0>;
v0x13d32e0_0 .net "a", 0 0, L_0x13f1960; 1 drivers
v0x13d33a0_0 .net "b", 0 0, L_0x13f15f0; 1 drivers
v0x13d3440_0 .net "cin", 0 0, L_0x13f16e0; 1 drivers
v0x13d34e0_0 .net "sum", 0 0, L_0x13f1900; 1 drivers
S_0x13d2ee0 .scope module, "f4" "FA" 7 27, 8 1, S_0x13d2df0;
 .timescale 0 0;
L_0x13f1dc0 .functor XOR 1, L_0x13f1e20, L_0x13f1a50, L_0x13f1b40, C4<0>;
v0x13d2fd0_0 .net "a", 0 0, L_0x13f1e20; 1 drivers
v0x13d3050_0 .net "b", 0 0, L_0x13f1a50; 1 drivers
v0x13d30d0_0 .net "cin", 0 0, L_0x13f1b40; 1 drivers
v0x13d3170_0 .net "sum", 0 0, L_0x13f1dc0; 1 drivers
    .scope S_0x136e540;
T_0 ;
    %wait E_0x13b8d60;
    %movi 8, 1024, 16;
    %load/v 24, v0x13d2270_0, 16;
    %cmp/u 8, 24, 16;
    %jmp/0xz  T_0.0, 5;
    %ix/load 0, 16, 0;
    %assign/v0 v0x13d2270_0, 0, 0;
    %load/v 8, v0x13d2120_0, 1;
    %inv 8, 1;
    %ix/load 0, 1, 0;
    %assign/v0 v0x13d2120_0, 0, 8;
    %jmp T_0.1;
T_0.0 ;
    %load/v 8, v0x13d2270_0, 16;
    %mov 24, 0, 16;
    %addi 8, 1, 32;
    %ix/load 0, 16, 0;
    %assign/v0 v0x13d2270_0, 0, 8;
T_0.1 ;
    %jmp T_0;
    .thread T_0;
    .scope S_0x136e540;
T_1 ;
    %wait E_0x13b1ee0;
    %load/v 8, v0x13d2680_0, 4;
    %set/v v0x13d28d0_0, 8, 4;
    %load/v 8, v0x13d2720_0, 4;
    %set/v v0x13d2a90_0, 8, 4;
    %load/v 8, v0x13d2830_0, 4;
    %set/v v0x13d2950_0, 8, 4;
    %load/v 8, v0x13d29f0_0, 8;
    %set/v v0x13140d0_0, 8, 8;
    %load/v 8, v0x13140d0_0, 8;
    %load/v 16, v0x13d1fe0_0, 8;
    %cmp/u 8, 16, 8;
    %mov 8, 4, 1;
    %inv 8, 1;
    %jmp/0xz  T_1.0, 8;
    %load/v 8, v0x13140d0_0, 8;
    %set/v v0x13d1fe0_0, 8, 8;
    %set/v v0x13d28d0_0, 0, 4;
    %set/v v0x13d2a90_0, 0, 4;
    %set/v v0x13d2950_0, 0, 4;
    %set/v v0x13d2680_0, 0, 4;
    %set/v v0x13d2830_0, 0, 4;
    %set/v v0x13d2720_0, 0, 4;
T_1.0 ;
    %load/v 8, v0x13d29f0_0, 8;
    %mov 16, 0, 6;
    %load/v 22, v0x13d28d0_0, 4;
    %movi 26, 0, 10;
    %muli 22, 100, 14;
    %sub 8, 22, 14;
   %cmpi/u 8, 100, 14;
    %mov 8, 5, 1;
    %inv 8, 1;
    %jmp/0xz  T_1.2, 8;
    %load/v 8, v0x13d2680_0, 4;
    %mov 12, 0, 28;
    %addi 8, 1, 32;
    %set/v v0x13d2680_0, 8, 4;
T_1.2 ;
    %load/v 8, v0x13d29f0_0, 8;
    %mov 16, 0, 7;
    %load/v 23, v0x13d28d0_0, 4;
    %movi 27, 0, 11;
    %muli 23, 100, 15;
    %sub 8, 23, 15;
    %load/v 23, v0x13d2a90_0, 4;
    %movi 27, 0, 11;
    %muli 23, 10, 15;
    %sub 8, 23, 15;
   %cmpi/u 8, 10, 15;
    %mov 8, 5, 1;
    %inv 8, 1;
    %jmp/0xz  T_1.4, 8;
    %load/v 8, v0x13d2720_0, 4;
    %mov 12, 0, 28;
    %addi 8, 1, 32;
    %set/v v0x13d2720_0, 8, 4;
T_1.4 ;
    %load/v 8, v0x13d29f0_0, 8;
    %mov 16, 0, 6;
    %load/v 22, v0x13d28d0_0, 4;
    %movi 26, 0, 10;
    %muli 22, 100, 14;
    %sub 8, 22, 14;
    %load/v 22, v0x13d2a90_0, 4;
    %movi 26, 0, 10;
    %muli 22, 10, 14;
    %sub 8, 22, 14;
    %set/v v0x13d2830_0, 8, 4;
    %load/v 8, v0x13d21d0_0, 4;
    %mov 12, 0, 1;
    %cmpi/u 8, 0, 5;
    %jmp/0xz  T_1.6, 4;
    %ix/load 0, 1, 0;
    %assign/v0 v0x13d2350_0, 0, 1;
    %ix/load 0, 1, 0;
    %assign/v0 v0x13d23f0_0, 0, 1;
    %ix/load 0, 1, 0;
    %assign/v0 v0x13d24e0_0, 0, 1;
    %ix/load 0, 1, 0;
    %assign/v0 v0x13d2580_0, 0, 1;
    %jmp T_1.7;
T_1.6 ;
    %load/v 8, v0x13d21d0_0, 4;
    %mov 12, 0, 1;
    %cmpi/u 8, 1, 5;
    %jmp/0xz  T_1.8, 4;
    %load/v 8, v0x13d2680_0, 4;
    %cmpi/u 8, 0, 4;
    %jmp/1 T_1.10, 6;
    %cmpi/u 8, 1, 4;
    %jmp/1 T_1.11, 6;
    %cmpi/u 8, 2, 4;
    %jmp/1 T_1.12, 6;
    %cmpi/u 8, 3, 4;
    %jmp/1 T_1.13, 6;
    %cmpi/u 8, 4, 4;
    %jmp/1 T_1.14, 6;
    %cmpi/u 8, 5, 4;
    %jmp/1 T_1.15, 6;
    %cmpi/u 8, 6, 4;
    %jmp/1 T_1.16, 6;
    %cmpi/u 8, 7, 4;
    %jmp/1 T_1.17, 6;
    %cmpi/u 8, 8, 4;
    %jmp/1 T_1.18, 6;
    %cmpi/u 8, 9, 4;
    %jmp/1 T_1.19, 6;
    %jmp T_1.20;
T_1.10 ;
    %movi 8, 64, 7;
    %ix/load 0, 7, 0;
    %assign/v0 v0x13d2be0_0, 0, 8;
    %jmp T_1.20;
T_1.11 ;
    %movi 8, 121, 7;
    %ix/load 0, 7, 0;
    %assign/v0 v0x13d2be0_0, 0, 8;
    %jmp T_1.20;
T_1.12 ;
    %movi 8, 36, 7;
    %ix/load 0, 7, 0;
    %assign/v0 v0x13d2be0_0, 0, 8;
    %jmp T_1.20;
T_1.13 ;
    %movi 8, 48, 7;
    %ix/load 0, 7, 0;
    %assign/v0 v0x13d2be0_0, 0, 8;
    %jmp T_1.20;
T_1.14 ;
    %movi 8, 25, 7;
    %ix/load 0, 7, 0;
    %assign/v0 v0x13d2be0_0, 0, 8;
    %jmp T_1.20;
T_1.15 ;
    %movi 8, 18, 7;
    %ix/load 0, 7, 0;
    %assign/v0 v0x13d2be0_0, 0, 8;
    %jmp T_1.20;
T_1.16 ;
    %movi 8, 2, 7;
    %ix/load 0, 7, 0;
    %assign/v0 v0x13d2be0_0, 0, 8;
    %jmp T_1.20;
T_1.17 ;
    %movi 8, 88, 7;
    %ix/load 0, 7, 0;
    %assign/v0 v0x13d2be0_0, 0, 8;
    %jmp T_1.20;
T_1.18 ;
    %ix/load 0, 7, 0;
    %assign/v0 v0x13d2be0_0, 0, 0;
    %jmp T_1.20;
T_1.19 ;
    %movi 8, 16, 7;
    %ix/load 0, 7, 0;
    %assign/v0 v0x13d2be0_0, 0, 8;
    %jmp T_1.20;
T_1.20 ;
    %ix/load 0, 1, 0;
    %assign/v0 v0x13d2350_0, 0, 1;
    %ix/load 0, 1, 0;
    %assign/v0 v0x13d23f0_0, 0, 0;
    %ix/load 0, 1, 0;
    %assign/v0 v0x13d24e0_0, 0, 1;
    %ix/load 0, 1, 0;
    %assign/v0 v0x13d2580_0, 0, 1;
    %jmp T_1.9;
T_1.8 ;
    %load/v 8, v0x13d21d0_0, 4;
    %mov 12, 0, 1;
    %cmpi/u 8, 2, 5;
    %jmp/0xz  T_1.21, 4;
    %load/v 8, v0x13d2720_0, 4;
    %cmpi/u 8, 0, 4;
    %jmp/1 T_1.23, 6;
    %cmpi/u 8, 1, 4;
    %jmp/1 T_1.24, 6;
    %cmpi/u 8, 2, 4;
    %jmp/1 T_1.25, 6;
    %cmpi/u 8, 3, 4;
    %jmp/1 T_1.26, 6;
    %cmpi/u 8, 4, 4;
    %jmp/1 T_1.27, 6;
    %cmpi/u 8, 5, 4;
    %jmp/1 T_1.28, 6;
    %cmpi/u 8, 6, 4;
    %jmp/1 T_1.29, 6;
    %cmpi/u 8, 7, 4;
    %jmp/1 T_1.30, 6;
    %cmpi/u 8, 8, 4;
    %jmp/1 T_1.31, 6;
    %cmpi/u 8, 9, 4;
    %jmp/1 T_1.32, 6;
    %jmp T_1.33;
T_1.23 ;
    %movi 8, 64, 7;
    %ix/load 0, 7, 0;
    %assign/v0 v0x13d2be0_0, 0, 8;
    %jmp T_1.33;
T_1.24 ;
    %movi 8, 121, 7;
    %ix/load 0, 7, 0;
    %assign/v0 v0x13d2be0_0, 0, 8;
    %jmp T_1.33;
T_1.25 ;
    %movi 8, 36, 7;
    %ix/load 0, 7, 0;
    %assign/v0 v0x13d2be0_0, 0, 8;
    %jmp T_1.33;
T_1.26 ;
    %movi 8, 48, 7;
    %ix/load 0, 7, 0;
    %assign/v0 v0x13d2be0_0, 0, 8;
    %jmp T_1.33;
T_1.27 ;
    %movi 8, 25, 7;
    %ix/load 0, 7, 0;
    %assign/v0 v0x13d2be0_0, 0, 8;
    %jmp T_1.33;
T_1.28 ;
    %movi 8, 18, 7;
    %ix/load 0, 7, 0;
    %assign/v0 v0x13d2be0_0, 0, 8;
    %jmp T_1.33;
T_1.29 ;
    %movi 8, 2, 7;
    %ix/load 0, 7, 0;
    %assign/v0 v0x13d2be0_0, 0, 8;
    %jmp T_1.33;
T_1.30 ;
    %movi 8, 88, 7;
    %ix/load 0, 7, 0;
    %assign/v0 v0x13d2be0_0, 0, 8;
    %jmp T_1.33;
T_1.31 ;
    %ix/load 0, 7, 0;
    %assign/v0 v0x13d2be0_0, 0, 0;
    %jmp T_1.33;
T_1.32 ;
    %movi 8, 16, 7;
    %ix/load 0, 7, 0;
    %assign/v0 v0x13d2be0_0, 0, 8;
    %jmp T_1.33;
T_1.33 ;
    %ix/load 0, 1, 0;
    %assign/v0 v0x13d2350_0, 0, 1;
    %ix/load 0, 1, 0;
    %assign/v0 v0x13d23f0_0, 0, 1;
    %ix/load 0, 1, 0;
    %assign/v0 v0x13d24e0_0, 0, 0;
    %ix/load 0, 1, 0;
    %assign/v0 v0x13d2580_0, 0, 1;
    %jmp T_1.22;
T_1.21 ;
    %load/v 8, v0x13d21d0_0, 4;
    %mov 12, 0, 1;
    %cmpi/u 8, 3, 5;
    %jmp/0xz  T_1.34, 4;
    %load/v 8, v0x13d2830_0, 4;
    %cmpi/u 8, 0, 4;
    %jmp/1 T_1.36, 6;
    %cmpi/u 8, 1, 4;
    %jmp/1 T_1.37, 6;
    %cmpi/u 8, 2, 4;
    %jmp/1 T_1.38, 6;
    %cmpi/u 8, 3, 4;
    %jmp/1 T_1.39, 6;
    %cmpi/u 8, 4, 4;
    %jmp/1 T_1.40, 6;
    %cmpi/u 8, 5, 4;
    %jmp/1 T_1.41, 6;
    %cmpi/u 8, 6, 4;
    %jmp/1 T_1.42, 6;
    %cmpi/u 8, 7, 4;
    %jmp/1 T_1.43, 6;
    %cmpi/u 8, 8, 4;
    %jmp/1 T_1.44, 6;
    %cmpi/u 8, 9, 4;
    %jmp/1 T_1.45, 6;
    %jmp T_1.46;
T_1.36 ;
    %movi 8, 64, 7;
    %ix/load 0, 7, 0;
    %assign/v0 v0x13d2be0_0, 0, 8;
    %jmp T_1.46;
T_1.37 ;
    %movi 8, 121, 7;
    %ix/load 0, 7, 0;
    %assign/v0 v0x13d2be0_0, 0, 8;
    %jmp T_1.46;
T_1.38 ;
    %movi 8, 36, 7;
    %ix/load 0, 7, 0;
    %assign/v0 v0x13d2be0_0, 0, 8;
    %jmp T_1.46;
T_1.39 ;
    %movi 8, 48, 7;
    %ix/load 0, 7, 0;
    %assign/v0 v0x13d2be0_0, 0, 8;
    %jmp T_1.46;
T_1.40 ;
    %movi 8, 25, 7;
    %ix/load 0, 7, 0;
    %assign/v0 v0x13d2be0_0, 0, 8;
    %jmp T_1.46;
T_1.41 ;
    %movi 8, 18, 7;
    %ix/load 0, 7, 0;
    %assign/v0 v0x13d2be0_0, 0, 8;
    %jmp T_1.46;
T_1.42 ;
    %movi 8, 2, 7;
    %ix/load 0, 7, 0;
    %assign/v0 v0x13d2be0_0, 0, 8;
    %jmp T_1.46;
T_1.43 ;
    %movi 8, 88, 7;
    %ix/load 0, 7, 0;
    %assign/v0 v0x13d2be0_0, 0, 8;
    %jmp T_1.46;
T_1.44 ;
    %ix/load 0, 7, 0;
    %assign/v0 v0x13d2be0_0, 0, 0;
    %jmp T_1.46;
T_1.45 ;
    %movi 8, 16, 7;
    %ix/load 0, 7, 0;
    %assign/v0 v0x13d2be0_0, 0, 8;
    %jmp T_1.46;
T_1.46 ;
    %ix/load 0, 1, 0;
    %assign/v0 v0x13d2350_0, 0, 1;
    %ix/load 0, 1, 0;
    %assign/v0 v0x13d23f0_0, 0, 1;
    %ix/load 0, 1, 0;
    %assign/v0 v0x13d24e0_0, 0, 1;
    %ix/load 0, 1, 0;
    %assign/v0 v0x13d2580_0, 0, 0;
T_1.34 ;
T_1.22 ;
T_1.9 ;
T_1.7 ;
    %load/v 8, v0x13d21d0_0, 4;
    %mov 12, 0, 28;
    %addi 8, 1, 32;
    %movi 40, 4, 32;
    %mod 8, 40, 32;
    %set/v v0x13d21d0_0, 8, 4;
    %jmp T_1;
    .thread T_1;
    .scope S_0x13df510;
T_2 ;
    %wait E_0x13de440;
    %load/v 8, v0x13df7e0_0, 1;
    %mov 9, 0, 2;
    %cmpi/u 8, 1, 3;
    %jmp/0xz  T_2.0, 4;
    %ix/load 0, 32, 0;
    %assign/v0 v0x13dfbd0_0, 0, 0;
    %ix/load 0, 32, 0;
    %assign/v0 v0x13e0160_0, 0, 0;
    %ix/load 0, 32, 0;
    %assign/v0 v0x13e0280_0, 0, 0;
    %ix/load 0, 32, 0;
    %assign/v0 v0x13e0300_0, 0, 0;
    %ix/load 0, 32, 0;
    %assign/v0 v0x13e01e0_0, 0, 0;
    %ix/load 0, 32, 0;
    %assign/v0 v0x13e0430_0, 0, 0;
    %ix/load 0, 32, 0;
    %assign/v0 v0x13e0380_0, 0, 0;
    %ix/load 0, 32, 0;
    %assign/v0 v0x13e0570_0, 0, 0;
    %ix/load 0, 32, 0;
    %assign/v0 v0x13e04d0_0, 0, 0;
    %ix/load 0, 32, 0;
    %assign/v0 v0x13dfc70_0, 0, 0;
    %ix/load 0, 32, 0;
    %assign/v0 v0x13dfd10_0, 0, 0;
    %ix/load 0, 32, 0;
    %assign/v0 v0x13dfdb0_0, 0, 0;
    %ix/load 0, 32, 0;
    %assign/v0 v0x13dfe50_0, 0, 0;
    %ix/load 0, 32, 0;
    %assign/v0 v0x13dff70_0, 0, 0;
    %ix/load 0, 32, 0;
    %assign/v0 v0x13e0010_0, 0, 0;
    %ix/load 0, 32, 0;
    %assign/v0 v0x13dfed0_0, 0, 0;
    %jmp T_2.1;
T_2.0 ;
    %load/v 8, v0x13df860_0, 1;
    %cmpi/u 8, 0, 1;
    %jmp/1 T_2.2, 6;
    %cmpi/u 8, 1, 1;
    %jmp/1 T_2.3, 6;
    %jmp T_2.4;
T_2.2 ;
    %load/v 8, v0x13df9a0_0, 4;
    %cmpi/u 8, 0, 4;
    %jmp/1 T_2.5, 6;
    %cmpi/u 8, 1, 4;
    %jmp/1 T_2.6, 6;
    %cmpi/u 8, 2, 4;
    %jmp/1 T_2.7, 6;
    %cmpi/u 8, 3, 4;
    %jmp/1 T_2.8, 6;
    %cmpi/u 8, 4, 4;
    %jmp/1 T_2.9, 6;
    %cmpi/u 8, 5, 4;
    %jmp/1 T_2.10, 6;
    %cmpi/u 8, 6, 4;
    %jmp/1 T_2.11, 6;
    %cmpi/u 8, 7, 4;
    %jmp/1 T_2.12, 6;
    %cmpi/u 8, 8, 4;
    %jmp/1 T_2.13, 6;
    %cmpi/u 8, 9, 4;
    %jmp/1 T_2.14, 6;
    %cmpi/u 8, 10, 4;
    %jmp/1 T_2.15, 6;
    %cmpi/u 8, 11, 4;
    %jmp/1 T_2.16, 6;
    %cmpi/u 8, 12, 4;
    %jmp/1 T_2.17, 6;
    %cmpi/u 8, 13, 4;
    %jmp/1 T_2.18, 6;
    %cmpi/u 8, 14, 4;
    %jmp/1 T_2.19, 6;
    %cmpi/u 8, 15, 4;
    %jmp/1 T_2.20, 6;
    %jmp T_2.21;
T_2.5 ;
    %load/v 8, v0x13dfbd0_0, 32;
    %ix/load 0, 32, 0;
    %assign/v0 v0x13dfb30_0, 0, 8;
    %jmp T_2.21;
T_2.6 ;
    %load/v 8, v0x13e0160_0, 32;
    %ix/load 0, 32, 0;
    %assign/v0 v0x13dfb30_0, 0, 8;
    %jmp T_2.21;
T_2.7 ;
    %load/v 8, v0x13e0280_0, 32;
    %ix/load 0, 32, 0;
    %assign/v0 v0x13dfb30_0, 0, 8;
    %jmp T_2.21;
T_2.8 ;
    %load/v 8, v0x13e0300_0, 32;
    %ix/load 0, 32, 0;
    %assign/v0 v0x13dfb30_0, 0, 8;
    %jmp T_2.21;
T_2.9 ;
    %load/v 8, v0x13e01e0_0, 32;
    %ix/load 0, 32, 0;
    %assign/v0 v0x13dfb30_0, 0, 8;
    %jmp T_2.21;
T_2.10 ;
    %load/v 8, v0x13e0430_0, 32;
    %ix/load 0, 32, 0;
    %assign/v0 v0x13dfb30_0, 0, 8;
    %jmp T_2.21;
T_2.11 ;
    %load/v 8, v0x13e0380_0, 32;
    %ix/load 0, 32, 0;
    %assign/v0 v0x13dfb30_0, 0, 8;
    %jmp T_2.21;
T_2.12 ;
    %load/v 8, v0x13e0570_0, 32;
    %ix/load 0, 32, 0;
    %assign/v0 v0x13dfb30_0, 0, 8;
    %jmp T_2.21;
T_2.13 ;
    %load/v 8, v0x13e04d0_0, 32;
    %ix/load 0, 32, 0;
    %assign/v0 v0x13dfb30_0, 0, 8;
    %jmp T_2.21;
T_2.14 ;
    %load/v 8, v0x13dfc70_0, 32;
    %ix/load 0, 32, 0;
    %assign/v0 v0x13dfb30_0, 0, 8;
    %jmp T_2.21;
T_2.15 ;
    %load/v 8, v0x13dfd10_0, 32;
    %ix/load 0, 32, 0;
    %assign/v0 v0x13dfb30_0, 0, 8;
    %jmp T_2.21;
T_2.16 ;
    %load/v 8, v0x13dfdb0_0, 32;
    %ix/load 0, 32, 0;
    %assign/v0 v0x13dfb30_0, 0, 8;
    %jmp T_2.21;
T_2.17 ;
    %load/v 8, v0x13dfe50_0, 32;
    %ix/load 0, 32, 0;
    %assign/v0 v0x13dfb30_0, 0, 8;
    %jmp T_2.21;
T_2.18 ;
    %load/v 8, v0x13dff70_0, 32;
    %ix/load 0, 32, 0;
    %assign/v0 v0x13dfb30_0, 0, 8;
    %jmp T_2.21;
T_2.19 ;
    %load/v 8, v0x13e0010_0, 32;
    %ix/load 0, 32, 0;
    %assign/v0 v0x13dfb30_0, 0, 8;
    %jmp T_2.21;
T_2.20 ;
    %load/v 8, v0x13dfed0_0, 32;
    %ix/load 0, 32, 0;
    %assign/v0 v0x13dfb30_0, 0, 8;
    %jmp T_2.21;
T_2.21 ;
    %load/v 8, v0x13dfa40_0, 2;
    %cmpi/u 8, 0, 2;
    %jmp/1 T_2.22, 6;
    %cmpi/u 8, 1, 2;
    %jmp/1 T_2.23, 6;
    %cmpi/u 8, 2, 2;
    %jmp/1 T_2.24, 6;
    %cmpi/u 8, 3, 2;
    %jmp/1 T_2.25, 6;
    %jmp T_2.26;
T_2.22 ;
    %load/v 8, v0x13dfb30_0, 8; Only need 8 of 32 bits
; Save base=8 wid=8 in lookaside.
    %ix/load 0, 8, 0;
    %assign/v0 v0x13df900_0, 0, 8;
    %jmp T_2.26;
T_2.23 ;
    %ix/load 1, 8, 0;
    %mov 4, 0, 1;
    %jmp/1 T_2.27, 4;
    %load/x1p 8, v0x13dfb30_0, 8;
    %jmp T_2.28;
T_2.27 ;
    %mov 8, 2, 8;
T_2.28 ;
; Save base=8 wid=8 in lookaside.
    %ix/load 0, 8, 0;
    %assign/v0 v0x13df900_0, 0, 8;
    %jmp T_2.26;
T_2.24 ;
    %ix/load 1, 16, 0;
    %mov 4, 0, 1;
    %jmp/1 T_2.29, 4;
    %load/x1p 8, v0x13dfb30_0, 8;
    %jmp T_2.30;
T_2.29 ;
    %mov 8, 2, 8;
T_2.30 ;
; Save base=8 wid=8 in lookaside.
    %ix/load 0, 8, 0;
    %assign/v0 v0x13df900_0, 0, 8;
    %jmp T_2.26;
T_2.25 ;
    %ix/load 1, 24, 0;
    %mov 4, 0, 1;
    %jmp/1 T_2.31, 4;
    %load/x1p 8, v0x13dfb30_0, 8;
    %jmp T_2.32;
T_2.31 ;
    %mov 8, 2, 8;
T_2.32 ;
; Save base=8 wid=8 in lookaside.
    %ix/load 0, 8, 0;
    %assign/v0 v0x13df900_0, 0, 8;
    %jmp T_2.26;
T_2.26 ;
    %jmp T_2.4;
T_2.3 ;
    %load/v 8, v0x13df9a0_0, 4;
    %cmpi/u 8, 0, 4;
    %jmp/1 T_2.33, 6;
    %cmpi/u 8, 1, 4;
    %jmp/1 T_2.34, 6;
    %cmpi/u 8, 2, 4;
    %jmp/1 T_2.35, 6;
    %cmpi/u 8, 3, 4;
    %jmp/1 T_2.36, 6;
    %cmpi/u 8, 4, 4;
    %jmp/1 T_2.37, 6;
    %cmpi/u 8, 5, 4;
    %jmp/1 T_2.38, 6;
    %cmpi/u 8, 6, 4;
    %jmp/1 T_2.39, 6;
    %cmpi/u 8, 7, 4;
    %jmp/1 T_2.40, 6;
    %cmpi/u 8, 8, 4;
    %jmp/1 T_2.41, 6;
    %cmpi/u 8, 9, 4;
    %jmp/1 T_2.42, 6;
    %cmpi/u 8, 10, 4;
    %jmp/1 T_2.43, 6;
    %cmpi/u 8, 11, 4;
    %jmp/1 T_2.44, 6;
    %cmpi/u 8, 12, 4;
    %jmp/1 T_2.45, 6;
    %cmpi/u 8, 13, 4;
    %jmp/1 T_2.46, 6;
    %cmpi/u 8, 14, 4;
    %jmp/1 T_2.47, 6;
    %cmpi/u 8, 15, 4;
    %jmp/1 T_2.48, 6;
    %jmp T_2.49;
T_2.33 ;
    %load/v 8, v0x13dfbd0_0, 32;
    %ix/load 0, 32, 0;
    %assign/v0 v0x13dfb30_0, 0, 8;
    %jmp T_2.49;
T_2.34 ;
    %load/v 8, v0x13e0160_0, 32;
    %ix/load 0, 32, 0;
    %assign/v0 v0x13dfb30_0, 0, 8;
    %jmp T_2.49;
T_2.35 ;
    %load/v 8, v0x13e0280_0, 32;
    %ix/load 0, 32, 0;
    %assign/v0 v0x13dfb30_0, 0, 8;
    %jmp T_2.49;
T_2.36 ;
    %load/v 8, v0x13e0300_0, 32;
    %ix/load 0, 32, 0;
    %assign/v0 v0x13dfb30_0, 0, 8;
    %jmp T_2.49;
T_2.37 ;
    %load/v 8, v0x13e01e0_0, 32;
    %ix/load 0, 32, 0;
    %assign/v0 v0x13dfb30_0, 0, 8;
    %jmp T_2.49;
T_2.38 ;
    %load/v 8, v0x13e0430_0, 32;
    %ix/load 0, 32, 0;
    %assign/v0 v0x13dfb30_0, 0, 8;
    %jmp T_2.49;
T_2.39 ;
    %load/v 8, v0x13e0380_0, 32;
    %ix/load 0, 32, 0;
    %assign/v0 v0x13dfb30_0, 0, 8;
    %jmp T_2.49;
T_2.40 ;
    %load/v 8, v0x13e0570_0, 32;
    %ix/load 0, 32, 0;
    %assign/v0 v0x13dfb30_0, 0, 8;
    %jmp T_2.49;
T_2.41 ;
    %load/v 8, v0x13e04d0_0, 32;
    %ix/load 0, 32, 0;
    %assign/v0 v0x13dfb30_0, 0, 8;
    %jmp T_2.49;
T_2.42 ;
    %load/v 8, v0x13dfc70_0, 32;
    %ix/load 0, 32, 0;
    %assign/v0 v0x13dfb30_0, 0, 8;
    %jmp T_2.49;
T_2.43 ;
    %load/v 8, v0x13dfd10_0, 32;
    %ix/load 0, 32, 0;
    %assign/v0 v0x13dfb30_0, 0, 8;
    %jmp T_2.49;
T_2.44 ;
    %load/v 8, v0x13dfdb0_0, 32;
    %ix/load 0, 32, 0;
    %assign/v0 v0x13dfb30_0, 0, 8;
    %jmp T_2.49;
T_2.45 ;
    %load/v 8, v0x13dfe50_0, 32;
    %ix/load 0, 32, 0;
    %assign/v0 v0x13dfb30_0, 0, 8;
    %jmp T_2.49;
T_2.46 ;
    %load/v 8, v0x13dff70_0, 32;
    %ix/load 0, 32, 0;
    %assign/v0 v0x13dfb30_0, 0, 8;
    %jmp T_2.49;
T_2.47 ;
    %load/v 8, v0x13e0010_0, 32;
    %ix/load 0, 32, 0;
    %assign/v0 v0x13dfb30_0, 0, 8;
    %jmp T_2.49;
T_2.48 ;
    %load/v 8, v0x13dfed0_0, 32;
    %ix/load 0, 32, 0;
    %assign/v0 v0x13dfb30_0, 0, 8;
    %jmp T_2.49;
T_2.49 ;
    %load/v 8, v0x13dfa40_0, 2;
    %cmpi/u 8, 0, 2;
    %jmp/1 T_2.50, 6;
    %cmpi/u 8, 1, 2;
    %jmp/1 T_2.51, 6;
    %cmpi/u 8, 2, 2;
    %jmp/1 T_2.52, 6;
    %cmpi/u 8, 3, 2;
    %jmp/1 T_2.53, 6;
    %jmp T_2.54;
T_2.50 ;
    %load/v 8, v0x13df740_0, 8;
    %ix/load 0, 8, 0;
    %ix/load 1, 0, 0;
    %assign/v0/x1 v0x13dfb30_0, 0, 8;
    %jmp T_2.54;
T_2.51 ;
    %load/v 8, v0x13df740_0, 8;
    %ix/load 0, 8, 0;
    %ix/load 1, 8, 0;
    %assign/v0/x1 v0x13dfb30_0, 0, 8;
    %jmp T_2.54;
T_2.52 ;
    %load/v 8, v0x13df740_0, 8;
    %ix/load 0, 8, 0;
    %ix/load 1, 16, 0;
    %assign/v0/x1 v0x13dfb30_0, 0, 8;
    %jmp T_2.54;
T_2.53 ;
    %load/v 8, v0x13df740_0, 8;
    %ix/load 0, 8, 0;
    %ix/load 1, 24, 0;
    %assign/v0/x1 v0x13dfb30_0, 0, 8;
    %jmp T_2.54;
T_2.54 ;
    %load/v 8, v0x13df9a0_0, 4;
    %cmpi/u 8, 0, 4;
    %jmp/1 T_2.55, 6;
    %cmpi/u 8, 1, 4;
    %jmp/1 T_2.56, 6;
    %cmpi/u 8, 2, 4;
    %jmp/1 T_2.57, 6;
    %cmpi/u 8, 3, 4;
    %jmp/1 T_2.58, 6;
    %cmpi/u 8, 4, 4;
    %jmp/1 T_2.59, 6;
    %cmpi/u 8, 5, 4;
    %jmp/1 T_2.60, 6;
    %cmpi/u 8, 6, 4;
    %jmp/1 T_2.61, 6;
    %cmpi/u 8, 7, 4;
    %jmp/1 T_2.62, 6;
    %cmpi/u 8, 8, 4;
    %jmp/1 T_2.63, 6;
    %cmpi/u 8, 9, 4;
    %jmp/1 T_2.64, 6;
    %cmpi/u 8, 10, 4;
    %jmp/1 T_2.65, 6;
    %cmpi/u 8, 11, 4;
    %jmp/1 T_2.66, 6;
    %cmpi/u 8, 12, 4;
    %jmp/1 T_2.67, 6;
    %cmpi/u 8, 13, 4;
    %jmp/1 T_2.68, 6;
    %cmpi/u 8, 14, 4;
    %jmp/1 T_2.69, 6;
    %cmpi/u 8, 15, 4;
    %jmp/1 T_2.70, 6;
    %jmp T_2.71;
T_2.55 ;
    %load/v 8, v0x13dfb30_0, 32;
    %ix/load 0, 32, 0;
    %assign/v0 v0x13dfbd0_0, 0, 8;
    %jmp T_2.71;
T_2.56 ;
    %load/v 8, v0x13dfb30_0, 32;
    %ix/load 0, 32, 0;
    %assign/v0 v0x13e0160_0, 0, 8;
    %jmp T_2.71;
T_2.57 ;
    %load/v 8, v0x13dfb30_0, 32;
    %ix/load 0, 32, 0;
    %assign/v0 v0x13e0280_0, 0, 8;
    %jmp T_2.71;
T_2.58 ;
    %load/v 8, v0x13dfb30_0, 32;
    %ix/load 0, 32, 0;
    %assign/v0 v0x13e0300_0, 0, 8;
    %jmp T_2.71;
T_2.59 ;
    %load/v 8, v0x13dfb30_0, 32;
    %ix/load 0, 32, 0;
    %assign/v0 v0x13e01e0_0, 0, 8;
    %jmp T_2.71;
T_2.60 ;
    %load/v 8, v0x13dfb30_0, 32;
    %ix/load 0, 32, 0;
    %assign/v0 v0x13e0430_0, 0, 8;
    %jmp T_2.71;
T_2.61 ;
    %load/v 8, v0x13dfb30_0, 32;
    %ix/load 0, 32, 0;
    %assign/v0 v0x13e0380_0, 0, 8;
    %jmp T_2.71;
T_2.62 ;
    %load/v 8, v0x13dfb30_0, 32;
    %ix/load 0, 32, 0;
    %assign/v0 v0x13e0570_0, 0, 8;
    %jmp T_2.71;
T_2.63 ;
    %load/v 8, v0x13dfb30_0, 32;
    %ix/load 0, 32, 0;
    %assign/v0 v0x13e04d0_0, 0, 8;
    %jmp T_2.71;
T_2.64 ;
    %load/v 8, v0x13dfb30_0, 32;
    %ix/load 0, 32, 0;
    %assign/v0 v0x13dfc70_0, 0, 8;
    %jmp T_2.71;
T_2.65 ;
    %load/v 8, v0x13dfb30_0, 32;
    %ix/load 0, 32, 0;
    %assign/v0 v0x13dfd10_0, 0, 8;
    %jmp T_2.71;
T_2.66 ;
    %load/v 8, v0x13dfb30_0, 32;
    %ix/load 0, 32, 0;
    %assign/v0 v0x13dfdb0_0, 0, 8;
    %jmp T_2.71;
T_2.67 ;
    %load/v 8, v0x13dfb30_0, 32;
    %ix/load 0, 32, 0;
    %assign/v0 v0x13dfe50_0, 0, 8;
    %jmp T_2.71;
T_2.68 ;
    %load/v 8, v0x13dfb30_0, 32;
    %ix/load 0, 32, 0;
    %assign/v0 v0x13dff70_0, 0, 8;
    %jmp T_2.71;
T_2.69 ;
    %load/v 8, v0x13dfb30_0, 32;
    %ix/load 0, 32, 0;
    %assign/v0 v0x13e0010_0, 0, 8;
    %jmp T_2.71;
T_2.70 ;
    %load/v 8, v0x13dfb30_0, 32;
    %ix/load 0, 32, 0;
    %assign/v0 v0x13dfed0_0, 0, 8;
    %jmp T_2.71;
T_2.71 ;
    %jmp T_2.4;
T_2.4 ;
T_2.1 ;
    %jmp T_2;
    .thread T_2;
    .scope S_0x13de350;
T_3 ;
    %end;
    .thread T_3;
    .scope S_0x13de350;
T_4 ;
    %wait E_0x13de440;
    %load/v 8, v0x13de620_0, 1;
    %mov 9, 0, 2;
    %cmpi/u 8, 1, 3;
    %jmp/0xz  T_4.0, 4;
    %ix/load 0, 32, 0;
    %assign/v0 v0x13dea20_0, 0, 0;
    %ix/load 0, 32, 0;
    %assign/v0 v0x13defb0_0, 0, 0;
    %ix/load 0, 32, 0;
    %assign/v0 v0x13df0d0_0, 0, 0;
    %ix/load 0, 32, 0;
    %assign/v0 v0x13df150_0, 0, 0;
    %ix/load 0, 32, 0;
    %assign/v0 v0x13df030_0, 0, 0;
    %ix/load 0, 32, 0;
    %assign/v0 v0x13df280_0, 0, 0;
    %ix/load 0, 32, 0;
    %assign/v0 v0x13df1d0_0, 0, 0;
    %ix/load 0, 32, 0;
    %assign/v0 v0x13df3c0_0, 0, 0;
    %ix/load 0, 32, 0;
    %assign/v0 v0x13df320_0, 0, 0;
    %ix/load 0, 32, 0;
    %assign/v0 v0x13deac0_0, 0, 0;
    %ix/load 0, 32, 0;
    %assign/v0 v0x13deb60_0, 0, 0;
    %ix/load 0, 32, 0;
    %assign/v0 v0x13dec00_0, 0, 0;
    %ix/load 0, 32, 0;
    %assign/v0 v0x13deca0_0, 0, 0;
    %ix/load 0, 32, 0;
    %assign/v0 v0x13dedc0_0, 0, 0;
    %ix/load 0, 32, 0;
    %assign/v0 v0x13dee60_0, 0, 0;
    %ix/load 0, 32, 0;
    %assign/v0 v0x13ded20_0, 0, 0;
    %jmp T_4.1;
T_4.0 ;
    %load/v 8, v0x13de6d0_0, 1;
    %cmpi/u 8, 0, 1;
    %jmp/1 T_4.2, 6;
    %cmpi/u 8, 1, 1;
    %jmp/1 T_4.3, 6;
    %jmp T_4.4;
T_4.2 ;
    %load/v 8, v0x13de7f0_0, 4;
    %cmpi/u 8, 0, 4;
    %jmp/1 T_4.5, 6;
    %cmpi/u 8, 1, 4;
    %jmp/1 T_4.6, 6;
    %cmpi/u 8, 2, 4;
    %jmp/1 T_4.7, 6;
    %cmpi/u 8, 3, 4;
    %jmp/1 T_4.8, 6;
    %cmpi/u 8, 4, 4;
    %jmp/1 T_4.9, 6;
    %cmpi/u 8, 5, 4;
    %jmp/1 T_4.10, 6;
    %cmpi/u 8, 6, 4;
    %jmp/1 T_4.11, 6;
    %cmpi/u 8, 7, 4;
    %jmp/1 T_4.12, 6;
    %cmpi/u 8, 8, 4;
    %jmp/1 T_4.13, 6;
    %cmpi/u 8, 9, 4;
    %jmp/1 T_4.14, 6;
    %cmpi/u 8, 10, 4;
    %jmp/1 T_4.15, 6;
    %cmpi/u 8, 11, 4;
    %jmp/1 T_4.16, 6;
    %cmpi/u 8, 12, 4;
    %jmp/1 T_4.17, 6;
    %cmpi/u 8, 13, 4;
    %jmp/1 T_4.18, 6;
    %cmpi/u 8, 14, 4;
    %jmp/1 T_4.19, 6;
    %cmpi/u 8, 15, 4;
    %jmp/1 T_4.20, 6;
    %jmp T_4.21;
T_4.5 ;
    %load/v 8, v0x13dea20_0, 32;
    %ix/load 0, 32, 0;
    %assign/v0 v0x13de980_0, 0, 8;
    %jmp T_4.21;
T_4.6 ;
    %load/v 8, v0x13defb0_0, 32;
    %ix/load 0, 32, 0;
    %assign/v0 v0x13de980_0, 0, 8;
    %jmp T_4.21;
T_4.7 ;
    %load/v 8, v0x13df0d0_0, 32;
    %ix/load 0, 32, 0;
    %assign/v0 v0x13de980_0, 0, 8;
    %jmp T_4.21;
T_4.8 ;
    %load/v 8, v0x13df150_0, 32;
    %ix/load 0, 32, 0;
    %assign/v0 v0x13de980_0, 0, 8;
    %jmp T_4.21;
T_4.9 ;
    %load/v 8, v0x13df030_0, 32;
    %ix/load 0, 32, 0;
    %assign/v0 v0x13de980_0, 0, 8;
    %jmp T_4.21;
T_4.10 ;
    %load/v 8, v0x13df280_0, 32;
    %ix/load 0, 32, 0;
    %assign/v0 v0x13de980_0, 0, 8;
    %jmp T_4.21;
T_4.11 ;
    %load/v 8, v0x13df1d0_0, 32;
    %ix/load 0, 32, 0;
    %assign/v0 v0x13de980_0, 0, 8;
    %jmp T_4.21;
T_4.12 ;
    %load/v 8, v0x13df3c0_0, 32;
    %ix/load 0, 32, 0;
    %assign/v0 v0x13de980_0, 0, 8;
    %jmp T_4.21;
T_4.13 ;
    %load/v 8, v0x13df320_0, 32;
    %ix/load 0, 32, 0;
    %assign/v0 v0x13de980_0, 0, 8;
    %jmp T_4.21;
T_4.14 ;
    %load/v 8, v0x13deac0_0, 32;
    %ix/load 0, 32, 0;
    %assign/v0 v0x13de980_0, 0, 8;
    %jmp T_4.21;
T_4.15 ;
    %load/v 8, v0x13deb60_0, 32;
    %ix/load 0, 32, 0;
    %assign/v0 v0x13de980_0, 0, 8;
    %jmp T_4.21;
T_4.16 ;
    %load/v 8, v0x13dec00_0, 32;
    %ix/load 0, 32, 0;
    %assign/v0 v0x13de980_0, 0, 8;
    %jmp T_4.21;
T_4.17 ;
    %load/v 8, v0x13deca0_0, 32;
    %ix/load 0, 32, 0;
    %assign/v0 v0x13de980_0, 0, 8;
    %jmp T_4.21;
T_4.18 ;
    %load/v 8, v0x13dedc0_0, 32;
    %ix/load 0, 32, 0;
    %assign/v0 v0x13de980_0, 0, 8;
    %jmp T_4.21;
T_4.19 ;
    %load/v 8, v0x13dee60_0, 32;
    %ix/load 0, 32, 0;
    %assign/v0 v0x13de980_0, 0, 8;
    %jmp T_4.21;
T_4.20 ;
    %load/v 8, v0x13ded20_0, 32;
    %ix/load 0, 32, 0;
    %assign/v0 v0x13de980_0, 0, 8;
    %jmp T_4.21;
T_4.21 ;
    %load/v 8, v0x13de890_0, 2;
    %cmpi/u 8, 0, 2;
    %jmp/1 T_4.22, 6;
    %cmpi/u 8, 1, 2;
    %jmp/1 T_4.23, 6;
    %cmpi/u 8, 2, 2;
    %jmp/1 T_4.24, 6;
    %cmpi/u 8, 3, 2;
    %jmp/1 T_4.25, 6;
    %jmp T_4.26;
T_4.22 ;
    %load/v 8, v0x13de980_0, 8; Only need 8 of 32 bits
; Save base=8 wid=8 in lookaside.
    %ix/load 0, 8, 0;
    %assign/v0 v0x13de750_0, 0, 8;
    %jmp T_4.26;
T_4.23 ;
    %ix/load 1, 8, 0;
    %mov 4, 0, 1;
    %jmp/1 T_4.27, 4;
    %load/x1p 8, v0x13de980_0, 8;
    %jmp T_4.28;
T_4.27 ;
    %mov 8, 2, 8;
T_4.28 ;
; Save base=8 wid=8 in lookaside.
    %ix/load 0, 8, 0;
    %assign/v0 v0x13de750_0, 0, 8;
    %jmp T_4.26;
T_4.24 ;
    %ix/load 1, 16, 0;
    %mov 4, 0, 1;
    %jmp/1 T_4.29, 4;
    %load/x1p 8, v0x13de980_0, 8;
    %jmp T_4.30;
T_4.29 ;
    %mov 8, 2, 8;
T_4.30 ;
; Save base=8 wid=8 in lookaside.
    %ix/load 0, 8, 0;
    %assign/v0 v0x13de750_0, 0, 8;
    %jmp T_4.26;
T_4.25 ;
    %ix/load 1, 24, 0;
    %mov 4, 0, 1;
    %jmp/1 T_4.31, 4;
    %load/x1p 8, v0x13de980_0, 8;
    %jmp T_4.32;
T_4.31 ;
    %mov 8, 2, 8;
T_4.32 ;
; Save base=8 wid=8 in lookaside.
    %ix/load 0, 8, 0;
    %assign/v0 v0x13de750_0, 0, 8;
    %jmp T_4.26;
T_4.26 ;
    %jmp T_4.4;
T_4.3 ;
    %load/v 8, v0x13de7f0_0, 4;
    %cmpi/u 8, 0, 4;
    %jmp/1 T_4.33, 6;
    %cmpi/u 8, 1, 4;
    %jmp/1 T_4.34, 6;
    %cmpi/u 8, 2, 4;
    %jmp/1 T_4.35, 6;
    %cmpi/u 8, 3, 4;
    %jmp/1 T_4.36, 6;
    %cmpi/u 8, 4, 4;
    %jmp/1 T_4.37, 6;
    %cmpi/u 8, 5, 4;
    %jmp/1 T_4.38, 6;
    %cmpi/u 8, 6, 4;
    %jmp/1 T_4.39, 6;
    %cmpi/u 8, 7, 4;
    %jmp/1 T_4.40, 6;
    %cmpi/u 8, 8, 4;
    %jmp/1 T_4.41, 6;
    %cmpi/u 8, 9, 4;
    %jmp/1 T_4.42, 6;
    %cmpi/u 8, 10, 4;
    %jmp/1 T_4.43, 6;
    %cmpi/u 8, 11, 4;
    %jmp/1 T_4.44, 6;
    %cmpi/u 8, 12, 4;
    %jmp/1 T_4.45, 6;
    %cmpi/u 8, 13, 4;
    %jmp/1 T_4.46, 6;
    %cmpi/u 8, 14, 4;
    %jmp/1 T_4.47, 6;
    %cmpi/u 8, 15, 4;
    %jmp/1 T_4.48, 6;
    %jmp T_4.49;
T_4.33 ;
    %load/v 8, v0x13dea20_0, 32;
    %ix/load 0, 32, 0;
    %assign/v0 v0x13de980_0, 0, 8;
    %jmp T_4.49;
T_4.34 ;
    %load/v 8, v0x13defb0_0, 32;
    %ix/load 0, 32, 0;
    %assign/v0 v0x13de980_0, 0, 8;
    %jmp T_4.49;
T_4.35 ;
    %load/v 8, v0x13df0d0_0, 32;
    %ix/load 0, 32, 0;
    %assign/v0 v0x13de980_0, 0, 8;
    %jmp T_4.49;
T_4.36 ;
    %load/v 8, v0x13df150_0, 32;
    %ix/load 0, 32, 0;
    %assign/v0 v0x13de980_0, 0, 8;
    %jmp T_4.49;
T_4.37 ;
    %load/v 8, v0x13df030_0, 32;
    %ix/load 0, 32, 0;
    %assign/v0 v0x13de980_0, 0, 8;
    %jmp T_4.49;
T_4.38 ;
    %load/v 8, v0x13df280_0, 32;
    %ix/load 0, 32, 0;
    %assign/v0 v0x13de980_0, 0, 8;
    %jmp T_4.49;
T_4.39 ;
    %load/v 8, v0x13df1d0_0, 32;
    %ix/load 0, 32, 0;
    %assign/v0 v0x13de980_0, 0, 8;
    %jmp T_4.49;
T_4.40 ;
    %load/v 8, v0x13df3c0_0, 32;
    %ix/load 0, 32, 0;
    %assign/v0 v0x13de980_0, 0, 8;
    %jmp T_4.49;
T_4.41 ;
    %load/v 8, v0x13df320_0, 32;
    %ix/load 0, 32, 0;
    %assign/v0 v0x13de980_0, 0, 8;
    %jmp T_4.49;
T_4.42 ;
    %load/v 8, v0x13deac0_0, 32;
    %ix/load 0, 32, 0;
    %assign/v0 v0x13de980_0, 0, 8;
    %jmp T_4.49;
T_4.43 ;
    %load/v 8, v0x13deb60_0, 32;
    %ix/load 0, 32, 0;
    %assign/v0 v0x13de980_0, 0, 8;
    %jmp T_4.49;
T_4.44 ;
    %load/v 8, v0x13dec00_0, 32;
    %ix/load 0, 32, 0;
    %assign/v0 v0x13de980_0, 0, 8;
    %jmp T_4.49;
T_4.45 ;
    %load/v 8, v0x13deca0_0, 32;
    %ix/load 0, 32, 0;
    %assign/v0 v0x13de980_0, 0, 8;
    %jmp T_4.49;
T_4.46 ;
    %load/v 8, v0x13dedc0_0, 32;
    %ix/load 0, 32, 0;
    %assign/v0 v0x13de980_0, 0, 8;
    %jmp T_4.49;
T_4.47 ;
    %load/v 8, v0x13dee60_0, 32;
    %ix/load 0, 32, 0;
    %assign/v0 v0x13de980_0, 0, 8;
    %jmp T_4.49;
T_4.48 ;
    %load/v 8, v0x13ded20_0, 32;
    %ix/load 0, 32, 0;
    %assign/v0 v0x13de980_0, 0, 8;
    %jmp T_4.49;
T_4.49 ;
    %load/v 8, v0x13de890_0, 2;
    %cmpi/u 8, 0, 2;
    %jmp/1 T_4.50, 6;
    %cmpi/u 8, 1, 2;
    %jmp/1 T_4.51, 6;
    %cmpi/u 8, 2, 2;
    %jmp/1 T_4.52, 6;
    %cmpi/u 8, 3, 2;
    %jmp/1 T_4.53, 6;
    %jmp T_4.54;
T_4.50 ;
    %load/v 8, v0x13de5a0_0, 8;
    %ix/load 0, 8, 0;
    %ix/load 1, 0, 0;
    %assign/v0/x1 v0x13de980_0, 0, 8;
    %jmp T_4.54;
T_4.51 ;
    %load/v 8, v0x13de5a0_0, 8;
    %ix/load 0, 8, 0;
    %ix/load 1, 8, 0;
    %assign/v0/x1 v0x13de980_0, 0, 8;
    %jmp T_4.54;
T_4.52 ;
    %load/v 8, v0x13de5a0_0, 8;
    %ix/load 0, 8, 0;
    %ix/load 1, 16, 0;
    %assign/v0/x1 v0x13de980_0, 0, 8;
    %jmp T_4.54;
T_4.53 ;
    %load/v 8, v0x13de5a0_0, 8;
    %ix/load 0, 8, 0;
    %ix/load 1, 24, 0;
    %assign/v0/x1 v0x13de980_0, 0, 8;
    %jmp T_4.54;
T_4.54 ;
    %load/v 8, v0x13de7f0_0, 4;
    %cmpi/u 8, 0, 4;
    %jmp/1 T_4.55, 6;
    %cmpi/u 8, 1, 4;
    %jmp/1 T_4.56, 6;
    %cmpi/u 8, 2, 4;
    %jmp/1 T_4.57, 6;
    %cmpi/u 8, 3, 4;
    %jmp/1 T_4.58, 6;
    %cmpi/u 8, 4, 4;
    %jmp/1 T_4.59, 6;
    %cmpi/u 8, 5, 4;
    %jmp/1 T_4.60, 6;
    %cmpi/u 8, 6, 4;
    %jmp/1 T_4.61, 6;
    %cmpi/u 8, 7, 4;
    %jmp/1 T_4.62, 6;
    %cmpi/u 8, 8, 4;
    %jmp/1 T_4.63, 6;
    %cmpi/u 8, 9, 4;
    %jmp/1 T_4.64, 6;
    %cmpi/u 8, 10, 4;
    %jmp/1 T_4.65, 6;
    %cmpi/u 8, 11, 4;
    %jmp/1 T_4.66, 6;
    %cmpi/u 8, 12, 4;
    %jmp/1 T_4.67, 6;
    %cmpi/u 8, 13, 4;
    %jmp/1 T_4.68, 6;
    %cmpi/u 8, 14, 4;
    %jmp/1 T_4.69, 6;
    %cmpi/u 8, 15, 4;
    %jmp/1 T_4.70, 6;
    %jmp T_4.71;
T_4.55 ;
    %load/v 8, v0x13de980_0, 32;
    %ix/load 0, 32, 0;
    %assign/v0 v0x13dea20_0, 0, 8;
    %jmp T_4.71;
T_4.56 ;
    %load/v 8, v0x13de980_0, 32;
    %ix/load 0, 32, 0;
    %assign/v0 v0x13defb0_0, 0, 8;
    %jmp T_4.71;
T_4.57 ;
    %load/v 8, v0x13de980_0, 32;
    %ix/load 0, 32, 0;
    %assign/v0 v0x13df0d0_0, 0, 8;
    %jmp T_4.71;
T_4.58 ;
    %load/v 8, v0x13de980_0, 32;
    %ix/load 0, 32, 0;
    %assign/v0 v0x13df150_0, 0, 8;
    %jmp T_4.71;
T_4.59 ;
    %load/v 8, v0x13de980_0, 32;
    %ix/load 0, 32, 0;
    %assign/v0 v0x13df030_0, 0, 8;
    %jmp T_4.71;
T_4.60 ;
    %load/v 8, v0x13de980_0, 32;
    %ix/load 0, 32, 0;
    %assign/v0 v0x13df280_0, 0, 8;
    %jmp T_4.71;
T_4.61 ;
    %load/v 8, v0x13de980_0, 32;
    %ix/load 0, 32, 0;
    %assign/v0 v0x13df1d0_0, 0, 8;
    %jmp T_4.71;
T_4.62 ;
    %load/v 8, v0x13de980_0, 32;
    %ix/load 0, 32, 0;
    %assign/v0 v0x13df3c0_0, 0, 8;
    %jmp T_4.71;
T_4.63 ;
    %load/v 8, v0x13de980_0, 32;
    %ix/load 0, 32, 0;
    %assign/v0 v0x13df320_0, 0, 8;
    %jmp T_4.71;
T_4.64 ;
    %load/v 8, v0x13de980_0, 32;
    %ix/load 0, 32, 0;
    %assign/v0 v0x13deac0_0, 0, 8;
    %jmp T_4.71;
T_4.65 ;
    %load/v 8, v0x13de980_0, 32;
    %ix/load 0, 32, 0;
    %assign/v0 v0x13deb60_0, 0, 8;
    %jmp T_4.71;
T_4.66 ;
    %load/v 8, v0x13de980_0, 32;
    %ix/load 0, 32, 0;
    %assign/v0 v0x13dec00_0, 0, 8;
    %jmp T_4.71;
T_4.67 ;
    %load/v 8, v0x13de980_0, 32;
    %ix/load 0, 32, 0;
    %assign/v0 v0x13deca0_0, 0, 8;
    %jmp T_4.71;
T_4.68 ;
    %load/v 8, v0x13de980_0, 32;
    %ix/load 0, 32, 0;
    %assign/v0 v0x13dedc0_0, 0, 8;
    %jmp T_4.71;
T_4.69 ;
    %load/v 8, v0x13de980_0, 32;
    %ix/load 0, 32, 0;
    %assign/v0 v0x13dee60_0, 0, 8;
    %jmp T_4.71;
T_4.70 ;
    %load/v 8, v0x13de980_0, 32;
    %ix/load 0, 32, 0;
    %assign/v0 v0x13ded20_0, 0, 8;
    %jmp T_4.71;
T_4.71 ;
    %jmp T_4.4;
T_4.4 ;
T_4.1 ;
    %jmp T_4;
    .thread T_4;
    .scope S_0x136d410;
T_5 ;
    %set/v v0x13e2740_0, 0, 8;
    %set/v v0x13e1b80_0, 0, 8;
    %set/v v0x13e29f0_0, 0, 1;
    %set/v v0x13e1fc0_0, 0, 1;
    %set/v v0x13e2bc0_0, 0, 1;
    %set/v v0x13e2190_0, 0, 1;
    %set/v v0x13e1d90_0, 0, 6;
    %set/v v0x13e1000_0, 0, 1;
    %end;
    .thread T_5;
    .scope S_0x136d410;
T_6 ;
    %wait E_0x13de440;
    %load/v 8, v0x13e1540_0, 128;
    %ix/load 0, 1, 0;
    %mov 4, 0, 1;
    %shiftl/i0  8, 128;
    %ix/load 0, 128, 0;
    %assign/v0 v0x13e1540_0, 0, 8;
    %load/v 8, v0x13e2970_0, 1;
    %ix/load 0, 1, 0;
    %ix/load 1, 0, 0;
    %assign/v0/x1 v0x13e1540_0, 0, 8;
    %jmp T_6;
    .thread T_6;
    .scope S_0x136d410;
T_7 ;
    %wait E_0x13de440;
    %load/v 8, v0x13e2530_0, 1;
    %mov 9, 0, 2;
    %cmpi/u 8, 1, 3;
    %jmp/0xz  T_7.0, 4;
    %set/v v0x13e2190_0, 1, 1;
    %set/v v0x13e2740_0, 0, 8;
    %set/v v0x13e1b80_0, 0, 8;
    %set/v v0x13e1fc0_0, 0, 1;
    %set/v v0x13e29f0_0, 0, 1;
    %set/v v0x13e1d90_0, 0, 6;
T_7.0 ;
    %load/v 8, v0x13e2740_0, 8;
    %cmpi/u 8, 0, 8;
    %jmp/1 T_7.2, 6;
    %cmpi/u 8, 1, 8;
    %jmp/1 T_7.3, 6;
    %cmpi/u 8, 2, 8;
    %jmp/1 T_7.4, 6;
    %cmpi/u 8, 3, 8;
    %jmp/1 T_7.5, 6;
    %cmpi/u 8, 4, 8;
    %jmp/1 T_7.6, 6;
    %cmpi/u 8, 5, 8;
    %jmp/1 T_7.7, 6;
    %cmpi/u 8, 6, 8;
    %jmp/1 T_7.8, 6;
    %cmpi/u 8, 7, 8;
    %jmp/1 T_7.9, 6;
    %cmpi/u 8, 8, 8;
    %jmp/1 T_7.10, 6;
    %cmpi/u 8, 9, 8;
    %jmp/1 T_7.11, 6;
    %cmpi/u 8, 10, 8;
    %jmp/1 T_7.12, 6;
    %cmpi/u 8, 11, 8;
    %jmp/1 T_7.13, 6;
    %jmp T_7.14;
T_7.2 ;
    %set/v v0x13e2190_0, 0, 1;
    %load/v 8, v0x13e1540_0, 128;
    %cmpi/u 8, 1, 128;
    %jmp/0xz  T_7.15, 4;
    %set/v v0x13e1660_0, 0, 8;
    %movi 8, 5, 8;
    %set/v v0x13e2740_0, 8, 8;
T_7.15 ;
    %load/v 8, v0x13e28f0_0, 1;
    %mov 9, 0, 2;
    %cmpi/u 8, 1, 3;
    %jmp/0xz  T_7.17, 4;
    %set/v v0x13e1660_0, 0, 8;
    %set/v v0x13e1d90_0, 0, 6;
    %movi 8, 1, 8;
    %set/v v0x13e2740_0, 8, 8;
T_7.17 ;
    %jmp T_7.14;
T_7.3 ;
    %load/v 8, v0x13e1d90_0, 6;
    %set/v v0x13e1e10_0, 8, 6;
    %movi 8, 6, 8;
    %set/v v0x13e24b0_0, 8, 8;
    %load/v 8, v0x13e1d90_0, 6;
    %mov 14, 0, 26;
    %addi 8, 1, 32;
    %set/v v0x13e1d90_0, 8, 6;
    %set/v v0x13e1660_0, 0, 8;
    %movi 8, 2, 8;
    %set/v v0x13e2740_0, 8, 8;
    %jmp T_7.14;
T_7.4 ;
    %load/v 8, v0x13e1660_0, 8;
    %mov 16, 0, 1;
    %cmpi/u 8, 5, 9;
    %jmp/0xz  T_7.19, 4;
    %set/v v0x13e1660_0, 0, 8;
    %load/v 8, v0x13e24b0_0, 8;
    %set/v v0x13e2740_0, 8, 8;
T_7.19 ;
    %jmp T_7.14;
T_7.5 ;
    %set/v v0x13e1fc0_0, 1, 1;
    %load/v 8, v0x13e1660_0, 8;
    %mov 16, 0, 1;
    %cmpi/u 8, 5, 9;
    %jmp/0xz  T_7.21, 4;
    %set/v v0x13e1fc0_0, 0, 1;
    %set/v v0x13e1660_0, 0, 8;
    %load/v 8, v0x13e24b0_0, 8;
    %set/v v0x13e2740_0, 8, 8;
T_7.21 ;
    %jmp T_7.14;
T_7.6 ;
    %set/v v0x13e29f0_0, 1, 1;
    %load/v 8, v0x13e1660_0, 8;
    %mov 16, 0, 1;
    %cmpi/u 8, 5, 9;
    %jmp/0xz  T_7.23, 4;
    %set/v v0x13e29f0_0, 0, 1;
    %set/v v0x13e1660_0, 0, 8;
    %load/v 8, v0x13e24b0_0, 8;
    %set/v v0x13e2740_0, 8, 8;
T_7.23 ;
    %jmp T_7.14;
T_7.7 ;
    %load/v 8, v0x13e15e0_0, 8;
    %set/v v0x13e2110_0, 8, 8;
    %load/v 8, v0x13e1d90_0, 6;
    %set/v v0x13e1e10_0, 8, 6;
    %load/v 8, v0x13e1d90_0, 6;
    %mov 14, 0, 26;
    %addi 8, 1, 32;
    %set/v v0x13e1d90_0, 8, 6;
    %set/v v0x13e24b0_0, 0, 8;
    %set/v v0x13e1660_0, 0, 8;
    %movi 8, 3, 8;
    %set/v v0x13e2740_0, 8, 8;
    %jmp T_7.14;
T_7.8 ;
    %load/v 8, v0x13e1c80_0, 4;
    %mov 12, 0, 1;
    %cmpi/u 8, 0, 5;
    %jmp/0xz  T_7.25, 4;
    %load/v 8, v0x13e2070_0, 8;
    %mov 16, 0, 1;
    %cmpi/u 8, 0, 9;
    %jmp/0xz  T_7.27, 4;
    %set/v v0x13e1660_0, 0, 8;
    %movi 8, 1, 8;
    %set/v v0x13e2740_0, 8, 8;
T_7.27 ;
    %load/v 8, v0x13e2070_0, 8;
    %mov 16, 0, 1;
    %cmpi/u 8, 1, 9;
    %jmp/0xz  T_7.29, 4;
    %load/v 8, v0x13e15e0_0, 8;
    %set/v v0x13e2860_0, 8, 8;
    %load/v 8, v0x13e23b0_0, 6;
    %set/v v0x13e27e0_0, 8, 6;
    %movi 8, 1, 8;
    %set/v v0x13e24b0_0, 8, 8;
    %set/v v0x13e1660_0, 0, 8;
    %movi 8, 4, 8;
    %set/v v0x13e2740_0, 8, 8;
T_7.29 ;
    %load/v 8, v0x13e2070_0, 8;
    %mov 16, 0, 1;
    %cmpi/u 8, 2, 9;
    %jmp/0xz  T_7.31, 4;
    %load/v 8, v0x13e23b0_0, 6;
    %set/v v0x13e27e0_0, 8, 6;
    %movi 8, 11, 8;
    %set/v v0x13e24b0_0, 8, 8;
    %set/v v0x13e1660_0, 0, 8;
    %movi 8, 2, 8;
    %set/v v0x13e2740_0, 8, 8;
T_7.31 ;
    %load/v 8, v0x13e2070_0, 8;
    %mov 16, 0, 1;
    %cmpi/u 8, 3, 9;
    %jmp/0xz  T_7.33, 4;
    %set/v v0x13e1660_0, 0, 8;
    %movi 8, 1, 8;
    %set/v v0x13e2740_0, 8, 8;
T_7.33 ;
    %load/v 8, v0x13e2070_0, 8;
    %mov 16, 0, 1;
    %cmpi/u 8, 15, 9;
    %jmp/0xz  T_7.35, 4;
    %set/v v0x13e1660_0, 0, 8;
    %set/v v0x13e2740_0, 0, 8;
T_7.35 ;
T_7.25 ;
    %load/v 8, v0x13e1c80_0, 4;
    %mov 12, 0, 1;
    %cmpi/u 8, 1, 5;
    %jmp/0xz  T_7.37, 4;
    %set/v v0x13e1000_0, 0, 1;
    %set/v v0x13e1660_0, 0, 8;
    %movi 8, 10, 8;
    %set/v v0x13e1ec0_0, 8, 8;
    %movi 8, 7, 8;
    %set/v v0x13e2740_0, 8, 8;
T_7.37 ;
    %jmp T_7.14;
T_7.9 ;
    %load/v 8, v0x13e2640_0, 6;
    %set/v v0x13e27e0_0, 8, 6;
    %movi 8, 8, 8;
    %set/v v0x13e24b0_0, 8, 8;
    %set/v v0x13e1660_0, 0, 8;
    %movi 8, 2, 8;
    %set/v v0x13e2740_0, 8, 8;
    %jmp T_7.14;
T_7.10 ;
    %load/v 8, v0x13e2aa0_0, 8;
    %set/v v0x13e1d10_0, 8, 8;
    %load/v 8, v0x13e26c0_0, 6;
    %set/v v0x13e27e0_0, 8, 6;
    %movi 8, 9, 8;
    %set/v v0x13e24b0_0, 8, 8;
    %set/v v0x13e1660_0, 0, 8;
    %movi 8, 2, 8;
    %set/v v0x13e2740_0, 8, 8;
    %jmp T_7.14;
T_7.11 ;
    %load/v 8, v0x13e2aa0_0, 8;
    %set/v v0x13e1c00_0, 8, 8;
    %set/v v0x13e1660_0, 0, 8;
    %load/v 8, v0x13e1ec0_0, 8;
    %set/v v0x13e2740_0, 8, 8;
    %jmp T_7.14;
T_7.12 ;
    %load/v 8, v0x13e1f40_0, 8;
    %set/v v0x13e2860_0, 8, 8;
    %load/v 8, v0x13e23b0_0, 6;
    %set/v v0x13e27e0_0, 8, 6;
    %movi 8, 1, 8;
    %set/v v0x13e24b0_0, 8, 8;
    %set/v v0x13e1660_0, 0, 8;
    %movi 8, 4, 8;
    %set/v v0x13e2740_0, 8, 8;
    %jmp T_7.14;
T_7.13 ;
    %load/v 8, v0x13e2aa0_0, 8;
    %set/v v0x13e1b80_0, 8, 8;
    %set/v v0x13e1660_0, 0, 8;
    %movi 8, 1, 8;
    %set/v v0x13e2740_0, 8, 8;
    %jmp T_7.14;
T_7.14 ;
    %load/v 8, v0x13e1660_0, 8;
    %mov 16, 0, 24;
    %addi 8, 1, 32;
    %set/v v0x13e1660_0, 8, 8;
    %jmp T_7;
    .thread T_7;
# The file index is used to find the file name in the following table.
:file_names 9;
    "N/A";
    "<interactive>";
    "display.v";
    "main.v";
    "sys_mem.v";
    "prgm_mem.v";
    "add_sub.v";
    "4cla.v";
    "full_adder.v";
